<?xml version="1.0" encoding="UTF-8"?>
<!-- Generated by org.testng.reporters.JUnitXMLReporter -->
<testsuite ignored="0" hostname="LTIN674473" failures="0" tests="12" name="E2E Regression Isolation Tests" time="154.818" errors="0" timestamp="2026-05-17T18:23:49 IST">
  <testcase classname="tests.SauceTests" name="VerifyCartBadgeUpdateOnAddAndRemove" time="3.893"/>
  <testcase classname="tests.SauceTests" name="e2ePurchase" time="4.067"/>
  <testcase classname="tests.SauceTests" name="loginScenarios" time="0.892"/>
  <testcase classname="tests.SauceTests" name="loginScenarios" time="0.412"/>
  <testcase classname="tests.SauceTests" name="loginScenarios" time="0.781"/>
  <testcase classname="tests.SauceTests" name="loginScenarios" time="0.486"/>
  <testcase classname="tests.SauceTests" name="verifyCartPersistenceAndRemoval" time="2.741"/>
  <testcase classname="tests.SauceTests" name="verifyImageAndProductConsistency" time="2.139"/>
  <testcase classname="tests.SauceTests" name="verifyProductSorting" time="2.997"/>
  <testcase classname="tests.SauceTests" name="verifyLogoutAndSessionValidation" time="2.32"/>
  <testcase classname="tests.SauceTests" name="verifyProductDetailPage" time="2.357"/>
  <testcase classname="tests.SauceTests" name="verifyCrossUserCartIsolation" time="6.476"/>
</testsuite> <!-- E2E Regression Isolation Tests -->
