<?xml version="1.0" encoding="UTF-8"?>
<!-- Generated by org.testng.reporters.JUnitXMLReporter -->
<testsuite ignored="0" hostname="LTIN674473" failures="0" tests="12" name="E2E Regression Isolation Tests" time="127.053" errors="0" timestamp="2026-05-17T19:09:18 IST">
  <testcase classname="tests.SauceTests" name="VerifyCartBadgeUpdateOnAddAndRemove" time="1.027"/>
  <testcase classname="tests.SauceTests" name="e2ePurchase" time="1.357"/>
  <testcase classname="tests.SauceTests" name="loginScenarios" time="0.269"/>
  <testcase classname="tests.SauceTests" name="loginScenarios" time="0.304"/>
  <testcase classname="tests.SauceTests" name="loginScenarios" time="0.33"/>
  <testcase classname="tests.SauceTests" name="loginScenarios" time="0.369"/>
  <testcase classname="tests.SauceTests" name="verifyCartPersistenceAndRemoval" time="1.109"/>
  <testcase classname="tests.SauceTests" name="verifyImageAndProductConsistency" time="1.726"/>
  <testcase classname="tests.SauceTests" name="verifyProductSorting" time="2.39"/>
  <testcase classname="tests.SauceTests" name="verifyLogoutAndSessionValidation" time="2.063"/>
  <testcase classname="tests.SauceTests" name="verifyProductDetailPage" time="2.376"/>
  <testcase classname="tests.SauceTests" name="verifyCrossUserCartIsolation" time="5.752"/>
</testsuite> <!-- E2E Regression Isolation Tests -->
