<?xml version="1.0" encoding="UTF-8"?>
<!-- Generated by org.testng.reporters.JUnitXMLReporter -->
<testsuite ignored="0" hostname="LTIN674473" failures="0" tests="12" name="Default test" time="120.5" errors="0" timestamp="2026-05-16T17:08:47 IST">
  <testcase classname="tests.SauceTests" name="VerifyCartBadgeUpdateOnAddAndRemove" time="1.216"/>
  <testcase classname="tests.SauceTests" name="e2ePurchase" time="1.361"/>
  <testcase classname="tests.SauceTests" name="loginScenarios" time="0.323"/>
  <testcase classname="tests.SauceTests" name="loginScenarios" time="0.808"/>
  <testcase classname="tests.SauceTests" name="loginScenarios" time="0.307"/>
  <testcase classname="tests.SauceTests" name="loginScenarios" time="0.379"/>
  <testcase classname="tests.SauceTests" name="verifyCartPersistenceAndRemoval" time="1.177"/>
  <testcase classname="tests.SauceTests" name="verifyCrossUserCartIsolation" time="3.054"/>
  <testcase classname="tests.SauceTests" name="verifyImageAndProductConsistency" time="1.016"/>
  <testcase classname="tests.SauceTests" name="verifyLogoutAndSessionValidation" time="1.396"/>
  <testcase classname="tests.SauceTests" name="verifyProductDetailPage" time="0.839"/>
  <testcase classname="tests.SauceTests" name="verifyProductSorting" time="1.144"/>
</testsuite> <!-- Default test -->
