<?xml version="1.0" encoding="UTF-8"?>
<!-- Generated by org.testng.reporters.JUnitXMLReporter -->
<testsuite ignored="0" hostname="LTIN674473" failures="0" tests="12" name="E2E Regression Isolation Tests" time="105.337" errors="0" timestamp="2026-05-16T23:39:22 IST">
  <testcase classname="tests.SauceTests" name="VerifyCartBadgeUpdateOnAddAndRemove" time="0.963"/>
  <testcase classname="tests.SauceTests" name="e2ePurchase" time="1.227"/>
  <testcase classname="tests.SauceTests" name="loginScenarios" time="0.253"/>
  <testcase classname="tests.SauceTests" name="loginScenarios" time="0.308"/>
  <testcase classname="tests.SauceTests" name="loginScenarios" time="0.367"/>
  <testcase classname="tests.SauceTests" name="loginScenarios" time="0.305"/>
  <testcase classname="tests.SauceTests" name="verifyCartPersistenceAndRemoval" time="0.964"/>
  <testcase classname="tests.SauceTests" name="verifyImageAndProductConsistency" time="1.907"/>
  <testcase classname="tests.SauceTests" name="verifyLogoutAndSessionValidation" time="1.23"/>
  <testcase classname="tests.SauceTests" name="verifyProductDetailPage" time="1.128"/>
  <testcase classname="tests.SauceTests" name="verifyProductSorting" time="0.97"/>
  <testcase classname="tests.SauceTests" name="verifyCrossUserCartIsolation" time="3.733"/>
</testsuite> <!-- E2E Regression Isolation Tests -->
