<?xml version="1.0" encoding="UTF-8"?>
<!-- Generated by org.testng.reporters.JUnitXMLReporter -->
<testsuite ignored="0" hostname="LTIN674473" failures="1" tests="14" name="E2E Regression Isolation Tests" time="157.008" errors="0" timestamp="2026-05-17T22:14:48 IST">
  <testcase classname="tests.SauceTests" name="VerifyCartBadgeUpdateOnAddAndRemove" time="1.489">
    <skipped/>
  </testcase> <!-- VerifyCartBadgeUpdateOnAddAndRemove -->
  <testcase classname="tests.SauceTests" name="VerifyCartBadgeUpdateOnAddAndRemove" time="1.14">
    <skipped/>
  </testcase> <!-- VerifyCartBadgeUpdateOnAddAndRemove -->
  <testcase classname="tests.SauceTests" name="VerifyCartBadgeUpdateOnAddAndRemove" time="1.111">
    <failure type="java.lang.AssertionError" message="null">
      <![CDATA[java.lang.AssertionError: null
at tests.SauceTests.VerifyCartBadgeUpdateOnAddAndRemove(SauceTests.java:149)
at java.base/java.util.concurrent.Executors$RunnableAdapter.call(Executors.java:572)
at java.base/java.util.concurrent.FutureTask.run(FutureTask.java:317)
at java.base/java.util.concurrent.ThreadPoolExecutor.runWorker(ThreadPoolExecutor.java:1144)
at java.base/java.util.concurrent.ThreadPoolExecutor$Worker.run(ThreadPoolExecutor.java:642)
at java.base/java.lang.Thread.run(Thread.java:1583)
... Removed 13 stack frames]]>
    </failure>
  </testcase> <!-- VerifyCartBadgeUpdateOnAddAndRemove -->
  <testcase classname="tests.SauceTests" name="e2ePurchase" time="1.605"/>
  <testcase classname="tests.SauceTests" name="loginScenarios" time="0.4"/>
  <testcase classname="tests.SauceTests" name="loginScenarios" time="0.461"/>
  <testcase classname="tests.SauceTests" name="loginScenarios" time="0.402"/>
  <testcase classname="tests.SauceTests" name="loginScenarios" time="0.411"/>
  <testcase classname="tests.SauceTests" name="verifyCartPersistenceAndRemoval" time="1.148"/>
  <testcase classname="tests.SauceTests" name="verifyImageAndProductConsistency" time="0.983"/>
  <testcase classname="tests.SauceTests" name="verifyLogoutAndSessionValidation" time="1.721"/>
  <testcase classname="tests.SauceTests" name="verifyProductDetailPage" time="1.012"/>
  <testcase classname="tests.SauceTests" name="verifyProductSorting" time="1.441"/>
  <testcase classname="tests.SauceTests" name="verifyCrossUserCartIsolation" time="0.0">
    <skipped/>
  </testcase> <!-- verifyCrossUserCartIsolation -->
</testsuite> <!-- E2E Regression Isolation Tests -->
