<?xml version="1.0" encoding="UTF-8"?>
<testsuite xmlns:xsi="http://www.w3.org/2001/XMLSchema-instance" xsi:noNamespaceSchemaLocation="https://maven.apache.org/surefire/maven-surefire-plugin/xsd/surefire-test-report-3.0.xsd" version="3.0" name="TestSuite" time="128.848" tests="12" errors="0" skipped="0" failures="0">
  <properties>
[...]
</properties>
  <testcase name="VerifyCartBadgeUpdateOnAddAndRemove" classname="tests.SauceTests" time="1.029">
    <system-out><![CDATA[🖥️ Direct local framework runtime execution initialized...
]]></system-out>
    <system-err><![CDATA[May 17, 2026 7:07:15 PM org.openqa.selenium.devtools.CdpVersionFinder findNearestMatch
WARNING: Unable to find CDP implementation matching 148
May 17, 2026 7:07:15 PM org.openqa.selenium.chromium.ChromiumDriver lambda$new$4
WARNING: Unable to find version of CDP to use for 148.0.3967.54. You may need to include a dependency on a specific version of the CDP using something similar to `org.seleniumhq.selenium:selenium-devtools-v86:4.38.0` where the version ("v86") matches the version of the chromium-based browser you're using and the version number of the artifact is the same as Selenium's.
]]></system-err>
  </testcase>
  <testcase name="e2ePurchase" classname="tests.SauceTests" time="1.358">
    <system-out><![CDATA[🖥️ Direct local framework runtime execution initialized...
]]></system-out>
    <system-err><![CDATA[May 17, 2026 7:07:25 PM org.openqa.selenium.devtools.CdpVersionFinder findNearestMatch
WARNING: Unable to find CDP implementation matching 148
May 17, 2026 7:07:25 PM org.openqa.selenium.chromium.ChromiumDriver lambda$new$4
WARNING: Unable to find version of CDP to use for 148.0.3967.54. You may need to include a dependency on a specific version of the CDP using something similar to `org.seleniumhq.selenium:selenium-devtools-v86:4.38.0` where the version ("v86") matches the version of the chromium-based browser you're using and the version number of the artifact is the same as Selenium's.
]]></system-err>
  </testcase>
  <testcase name="loginScenarios[Empty Login, , , Epic sadface: Username is required](1)" classname="tests.SauceTests" time="0.27">
    <system-out><![CDATA[2026-05-17T13:37:32.622650100Z TestNG-test=E2E Regression Isolation Tests-1 ERROR Log4j API could not find a logging provider.
🖥️ Direct local framework runtime execution initialized...
]]></system-out>
    <system-err><![CDATA[May 17, 2026 7:07:35 PM org.openqa.selenium.devtools.CdpVersionFinder findNearestMatch
WARNING: Unable to find CDP implementation matching 148
May 17, 2026 7:07:35 PM org.openqa.selenium.chromium.ChromiumDriver lambda$new$4
WARNING: Unable to find version of CDP to use for 148.0.3967.54. You may need to include a dependency on a specific version of the CDP using something similar to `org.seleniumhq.selenium:selenium-devtools-v86:4.38.0` where the version ("v86") matches the version of the chromium-based browser you're using and the version number of the artifact is the same as Selenium's.
]]></system-err>
  </testcase>
  <testcase name="loginScenarios[Wrong Password, standard_user, wrongpass123, Epic sadface: Username and password do not match any user in this service](2)" classname="tests.SauceTests" time="0.303">
    <system-out><![CDATA[🖥️ Direct local framework runtime execution initialized...
]]></system-out>
    <system-err><![CDATA[May 17, 2026 7:07:44 PM org.openqa.selenium.devtools.CdpVersionFinder findNearestMatch
WARNING: Unable to find CDP implementation matching 148
May 17, 2026 7:07:44 PM org.openqa.selenium.chromium.ChromiumDriver lambda$new$4
WARNING: Unable to find version of CDP to use for 148.0.3967.54. You may need to include a dependency on a specific version of the CDP using something similar to `org.seleniumhq.selenium:selenium-devtools-v86:4.38.0` where the version ("v86") matches the version of the chromium-based browser you're using and the version number of the artifact is the same as Selenium's.
]]></system-err>
  </testcase>
  <testcase name="loginScenarios[Locked User, locked_out_user, secret_sauce, Epic sadface: Sorry, this user has been locked out.](3)" classname="tests.SauceTests" time="0.33">
    <system-out><![CDATA[🖥️ Direct local framework runtime execution initialized...
]]></system-out>
    <system-err><![CDATA[May 17, 2026 7:07:52 PM org.openqa.selenium.devtools.CdpVersionFinder findNearestMatch
WARNING: Unable to find CDP implementation matching 148
May 17, 2026 7:07:52 PM org.openqa.selenium.chromium.ChromiumDriver lambda$new$4
WARNING: Unable to find version of CDP to use for 148.0.3967.54. You may need to include a dependency on a specific version of the CDP using something similar to `org.seleniumhq.selenium:selenium-devtools-v86:4.38.0` where the version ("v86") matches the version of the chromium-based browser you're using and the version number of the artifact is the same as Selenium's.
]]></system-err>
  </testcase>
  <testcase name="loginScenarios[Valid Login, standard_user, secret_sauce, Products](4)" classname="tests.SauceTests" time="0.369">
    <system-out><![CDATA[🖥️ Direct local framework runtime execution initialized...
]]></system-out>
    <system-err><![CDATA[May 17, 2026 7:08:00 PM org.openqa.selenium.devtools.CdpVersionFinder findNearestMatch
WARNING: Unable to find CDP implementation matching 148
May 17, 2026 7:08:00 PM org.openqa.selenium.chromium.ChromiumDriver lambda$new$4
WARNING: Unable to find version of CDP to use for 148.0.3967.54. You may need to include a dependency on a specific version of the CDP using something similar to `org.seleniumhq.selenium:selenium-devtools-v86:4.38.0` where the version ("v86") matches the version of the chromium-based browser you're using and the version number of the artifact is the same as Selenium's.
]]></system-err>
  </testcase>
  <testcase name="verifyCartPersistenceAndRemoval" classname="tests.SauceTests" time="1.109">
    <system-out><![CDATA[🖥️ Direct local framework runtime execution initialized...
]]></system-out>
    <system-err><![CDATA[May 17, 2026 7:08:08 PM org.openqa.selenium.devtools.CdpVersionFinder findNearestMatch
WARNING: Unable to find CDP implementation matching 148
May 17, 2026 7:08:08 PM org.openqa.selenium.chromium.ChromiumDriver lambda$new$4
WARNING: Unable to find version of CDP to use for 148.0.3967.54. You may need to include a dependency on a specific version of the CDP using something similar to `org.seleniumhq.selenium:selenium-devtools-v86:4.38.0` where the version ("v86") matches the version of the chromium-based browser you're using and the version number of the artifact is the same as Selenium's.
]]></system-err>
  </testcase>
  <testcase name="verifyImageAndProductConsistency" classname="tests.SauceTests" time="1.725">
    <system-out><![CDATA[🖥️ Direct local framework runtime execution initialized...
]]></system-out>
    <system-err><![CDATA[May 17, 2026 7:08:18 PM org.openqa.selenium.devtools.CdpVersionFinder findNearestMatch
WARNING: Unable to find CDP implementation matching 148
May 17, 2026 7:08:18 PM org.openqa.selenium.chromium.ChromiumDriver lambda$new$4
WARNING: Unable to find version of CDP to use for 148.0.3967.54. You may need to include a dependency on a specific version of the CDP using something similar to `org.seleniumhq.selenium:selenium-devtools-v86:4.38.0` where the version ("v86") matches the version of the chromium-based browser you're using and the version number of the artifact is the same as Selenium's.
]]></system-err>
  </testcase>
  <testcase name="verifyProductSorting" classname="tests.SauceTests" time="2.389">
    <system-out><![CDATA[🖥️ Direct local framework runtime execution initialized...
]]></system-out>
    <system-err><![CDATA[May 17, 2026 7:08:27 PM org.openqa.selenium.devtools.CdpVersionFinder findNearestMatch
WARNING: Unable to find CDP implementation matching 148
May 17, 2026 7:08:27 PM org.openqa.selenium.chromium.ChromiumDriver lambda$new$4
WARNING: Unable to find version of CDP to use for 148.0.3967.54. You may need to include a dependency on a specific version of the CDP using something similar to `org.seleniumhq.selenium:selenium-devtools-v86:4.38.0` where the version ("v86") matches the version of the chromium-based browser you're using and the version number of the artifact is the same as Selenium's.
]]></system-err>
  </testcase>
  <testcase name="verifyLogoutAndSessionValidation" classname="tests.SauceTests" time="2.062">
    <system-out><![CDATA[🖥️ Direct local framework runtime execution initialized...
]]></system-out>
    <system-err><![CDATA[May 17, 2026 7:08:41 PM org.openqa.selenium.devtools.CdpVersionFinder findNearestMatch
WARNING: Unable to find CDP implementation matching 148
May 17, 2026 7:08:41 PM org.openqa.selenium.chromium.ChromiumDriver lambda$new$4
WARNING: Unable to find version of CDP to use for 148.0.3967.54. You may need to include a dependency on a specific version of the CDP using something similar to `org.seleniumhq.selenium:selenium-devtools-v86:4.38.0` where the version ("v86") matches the version of the chromium-based browser you're using and the version number of the artifact is the same as Selenium's.
]]></system-err>
  </testcase>
  <testcase name="verifyProductDetailPage" classname="tests.SauceTests" time="2.379">
    <system-out><![CDATA[🖥️ Direct local framework runtime execution initialized...
]]></system-out>
    <system-err><![CDATA[May 17, 2026 7:08:55 PM org.openqa.selenium.devtools.CdpVersionFinder findNearestMatch
WARNING: Unable to find CDP implementation matching 148
May 17, 2026 7:08:55 PM org.openqa.selenium.chromium.ChromiumDriver lambda$new$4
WARNING: Unable to find version of CDP to use for 148.0.3967.54. You may need to include a dependency on a specific version of the CDP using something similar to `org.seleniumhq.selenium:selenium-devtools-v86:4.38.0` where the version ("v86") matches the version of the chromium-based browser you're using and the version number of the artifact is the same as Selenium's.
]]></system-err>
  </testcase>
  <testcase name="verifyCrossUserCartIsolation" classname="tests.SauceTests" time="5.753">
    <system-out><![CDATA[🖥️ Direct local framework runtime execution initialized...
]]></system-out>
    <system-err><![CDATA[May 17, 2026 7:09:06 PM org.openqa.selenium.devtools.CdpVersionFinder findNearestMatch
WARNING: Unable to find CDP implementation matching 148
May 17, 2026 7:09:06 PM org.openqa.selenium.chromium.ChromiumDriver lambda$new$4
WARNING: Unable to find version of CDP to use for 148.0.3967.54. You may need to include a dependency on a specific version of the CDP using something similar to `org.seleniumhq.selenium:selenium-devtools-v86:4.38.0` where the version ("v86") matches the version of the chromium-based browser you're using and the version number of the artifact is the same as Selenium's.
]]></system-err>
  </testcase>
</testsuite>