<?xml version="1.0" encoding="UTF-8"?>
<testsuite xmlns:xsi="http://www.w3.org/2001/XMLSchema-instance" xsi:noNamespaceSchemaLocation="https://maven.apache.org/surefire/maven-surefire-plugin/xsd/surefire-test-report-3.0.xsd" version="3.0" name="TestSuite" time="2.764" tests="46" errors="0" skipped="45" failures="1">
  <properties>
[...]
</properties>
  <testcase name="setUp[public void tests.SauceTests.VerifyCartBadgeUpdateOnAddAndRemove()](0)" classname="tests.SauceTests" time="1.895">
    <failure message="Cannot invoke &quot;org.openqa.selenium.WebDriver.get(String)&quot; because the return value of &quot;base.DriverFactory.getDriver()&quot; is null" type="java.lang.NullPointerException"><![CDATA[java.lang.NullPointerException: Cannot invoke "org.openqa.selenium.WebDriver.get(String)" because the return value of "base.DriverFactory.getDriver()" is null
	at base.BaseTest.setUp(BaseTest.java:45)
	at java.base/jdk.internal.reflect.DirectMethodHandleAccessor.invoke(DirectMethodHandleAccessor.java:103)
	at java.base/java.lang.reflect.Method.invoke(Method.java:580)
	at org.testng.internal.MethodInvocationHelper.invokeMethod(MethodInvocationHelper.java:133)
	at org.testng.internal.MethodInvocationHelper.invokeMethodConsideringTimeout(MethodInvocationHelper.java:62)
	at org.testng.internal.ConfigInvoker.invokeConfigurationMethod(ConfigInvoker.java:385)
	at org.testng.internal.ConfigInvoker.invokeConfigurations(ConfigInvoker.java:321)
	at org.testng.internal.TestInvoker.runConfigMethods(TestInvoker.java:700)
	at org.testng.internal.TestInvoker.invokeMethod(TestInvoker.java:527)
	at org.testng.internal.TestInvoker.invokeTestMethod(TestInvoker.java:173)
	at org.testng.internal.MethodRunner.runInSequence(MethodRunner.java:46)
	at org.testng.internal.TestInvoker$MethodInvocationAgent.invoke(TestInvoker.java:824)
	at org.testng.internal.TestInvoker.invokeTestMethods(TestInvoker.java:146)
	at org.testng.internal.TestMethodWorker.invokeTestMethods(TestMethodWorker.java:146)
	at org.testng.internal.TestMethodWorker.run(TestMethodWorker.java:128)
	at java.base/java.util.concurrent.ThreadPoolExecutor.runWorker(ThreadPoolExecutor.java:1144)
	at java.base/java.util.concurrent.ThreadPoolExecutor$Worker.run(ThreadPoolExecutor.java:642)
	at java.base/java.lang.Thread.run(Thread.java:1583)
]]></failure>
    <system-out><![CDATA[2026-05-17 22:02:44 [main] INFO  base.BaseTest - Starting Test Suite execution.
2026-05-17 22:02:44 [TestNG-test=E2E Regression Isolation Tests-1] INFO  base.BaseTest - Setting up browser environment for test case: VerifyCartBadgeUpdateOnAddAndRemove
2026-05-17 22:02:44 [TestNG-test=E2E Regression Isolation Tests-1] INFO  base.BaseTest - Configurations -> Browser: edge, Mode: grid, Headless: true
Routing thread sandbox safely to Selenium Grid Hub...
❌ Factory Engine Error: Connection sequence refused!
2026-05-17 22:02:45 [TestNG-test=E2E Regression Isolation Tests-1] INFO  base.BaseTest - Navigating to URL: https://www.saucedemo.com/
]]></system-out>
    <system-err><![CDATA[May 17, 2026 10:02:44 PM org.openqa.selenium.remote.tracing.opentelemetry.OpenTelemetryTracer createTracer
INFO: Using OpenTelemetry for tracing
org.openqa.selenium.SessionNotCreatedException: Could not start a new session. Possible causes are invalid address of the remote server or browser start-up failure. null 
Host info: host: 'LTIN674473', ip: '192.168.1.5'
Build info: version: '4.38.0', revision: '6b412e825c*'
System info: os.name: 'Windows 11', os.arch: 'amd64', os.version: '10.0', java.version: '21'
Driver info: org.openqa.selenium.remote.RemoteWebDriver
Command: [null, newSession {capabilities=[Capabilities {browserName: MicrosoftEdge, ms:edgeOptions: {args: [--headless=new, --disable-gpu], extensions: []}}]}]
Capabilities {browserName: MicrosoftEdge, ms:edgeOptions: {args: [--headless=new, --disable-gpu], extensions: []}}
	at org.openqa.selenium.remote.RemoteWebDriver.execute(RemoteWebDriver.java:578)
	at org.openqa.selenium.remote.RemoteWebDriver.startSession(RemoteWebDriver.java:246)
	at org.openqa.selenium.remote.RemoteWebDriver.<init>(RemoteWebDriver.java:174)
	at org.openqa.selenium.remote.RemoteWebDriver.<init>(RemoteWebDriver.java:152)
	at base.DriverFactory.initDriver(DriverFactory.java:43)
	at base.BaseTest.setUp(BaseTest.java:42)
	at java.base/jdk.internal.reflect.DirectMethodHandleAccessor.invoke(DirectMethodHandleAccessor.java:103)
	at java.base/java.lang.reflect.Method.invoke(Method.java:580)
	at org.testng.internal.MethodInvocationHelper.invokeMethod(MethodInvocationHelper.java:133)
	at org.testng.internal.MethodInvocationHelper.invokeMethodConsideringTimeout(MethodInvocationHelper.java:62)
	at org.testng.internal.ConfigInvoker.invokeConfigurationMethod(ConfigInvoker.java:385)
	at org.testng.internal.ConfigInvoker.invokeConfigurations(ConfigInvoker.java:321)
	at org.testng.internal.TestInvoker.runConfigMethods(TestInvoker.java:700)
	at org.testng.internal.TestInvoker.invokeMethod(TestInvoker.java:527)
	at org.testng.internal.TestInvoker.invokeTestMethod(TestInvoker.java:173)
	at org.testng.internal.MethodRunner.runInSequence(MethodRunner.java:46)
	at org.testng.internal.TestInvoker$MethodInvocationAgent.invoke(TestInvoker.java:824)
	at org.testng.internal.TestInvoker.invokeTestMethods(TestInvoker.java:146)
	at org.testng.internal.TestMethodWorker.invokeTestMethods(TestMethodWorker.java:146)
	at org.testng.internal.TestMethodWorker.run(TestMethodWorker.java:128)
	at java.base/java.util.concurrent.ThreadPoolExecutor.runWorker(ThreadPoolExecutor.java:1144)
	at java.base/java.util.concurrent.ThreadPoolExecutor$Worker.run(ThreadPoolExecutor.java:642)
	at java.base/java.lang.Thread.run(Thread.java:1583)
Caused by: java.io.UncheckedIOException: java.net.ConnectException
	at org.openqa.selenium.remote.http.jdk.JdkHttpClient.execute0(JdkHttpClient.java:500)
	at org.openqa.selenium.remote.http.AddSeleniumUserAgent.lambda$apply$0(AddSeleniumUserAgent.java:42)
	at org.openqa.selenium.remote.http.Filter.lambda$andFinally$1(Filter.java:55)
	at org.openqa.selenium.remote.http.jdk.JdkHttpClient.lambda$executeAsync$2(JdkHttpClient.java:387)
	at java.base/java.util.concurrent.Executors$RunnableAdapter.call(Executors.java:572)
	at java.base/java.util.concurrent.FutureTask.run(FutureTask.java:317)
	... 3 more
Caused by: java.net.ConnectException
	at java.net.http/jdk.internal.net.http.HttpClientImpl.send(HttpClientImpl.java:951)
	at java.net.http/jdk.internal.net.http.HttpClientFacade.send(HttpClientFacade.java:133)
	at org.openqa.selenium.remote.http.jdk.JdkHttpClient.execute0(JdkHttpClient.java:459)
	... 8 more
Caused by: java.net.ConnectException
	at java.net.http/jdk.internal.net.http.common.Utils.toConnectException(Utils.java:1028)
	at java.net.http/jdk.internal.net.http.PlainHttpConnection.connectAsync(PlainHttpConnection.java:227)
	at java.net.http/jdk.internal.net.http.PlainHttpConnection.checkRetryConnect(PlainHttpConnection.java:280)
	at java.net.http/jdk.internal.net.http.PlainHttpConnection.lambda$connectAsync$2(PlainHttpConnection.java:238)
	at java.base/java.util.concurrent.CompletableFuture.uniHandle(CompletableFuture.java:934)
	at java.base/java.util.concurrent.CompletableFuture$UniHandle.tryFire(CompletableFuture.java:911)
	at java.base/java.util.concurrent.CompletableFuture.postComplete(CompletableFuture.java:510)
	at java.base/java.util.concurrent.CompletableFuture$AsyncSupply.run(CompletableFuture.java:1773)
	... 3 more
Caused by: java.nio.channels.ClosedChannelException
	at java.base/sun.nio.ch.SocketChannelImpl.ensureOpen(SocketChannelImpl.java:202)
	at java.base/sun.nio.ch.SocketChannelImpl.beginConnect(SocketChannelImpl.java:786)
	at java.base/sun.nio.ch.SocketChannelImpl.connect(SocketChannelImpl.java:874)
	at java.net.http/jdk.internal.net.http.PlainHttpConnection.lambda$connectAsync$1(PlainHttpConnection.java:210)
	at java.base/java.security.AccessController.doPrivileged(AccessController.java:571)
	at java.net.http/jdk.internal.net.http.PlainHttpConnection.connectAsync(PlainHttpConnection.java:212)
	... 9 more
]]></system-err>
  </testcase>
  <testcase name="pageSetUp" classname="tests.SauceTests" time="0.0">
    <skipped/>
  </testcase>
  <testcase name="pageSetUp" classname="tests.SauceTests" time="0.0">
    <skipped/>
  </testcase>
  <testcase name="pageSetUp" classname="tests.SauceTests" time="0.0">
    <skipped/>
  </testcase>
  <testcase name="pageSetUp" classname="tests.SauceTests" time="0.0">
    <skipped/>
  </testcase>
  <testcase name="pageSetUp" classname="tests.SauceTests" time="0.0">
    <skipped/>
  </testcase>
  <testcase name="pageSetUp" classname="tests.SauceTests" time="0.0">
    <skipped/>
  </testcase>
  <testcase name="pageSetUp" classname="tests.SauceTests" time="0.0">
    <skipped/>
  </testcase>
  <testcase name="pageSetUp" classname="tests.SauceTests" time="0.0">
    <skipped/>
  </testcase>
  <testcase name="pageSetUp" classname="tests.SauceTests" time="0.0">
    <skipped/>
  </testcase>
  <testcase name="pageSetUp" classname="tests.SauceTests" time="0.0">
    <skipped/>
  </testcase>
  <testcase name="pageSetUp" classname="tests.SauceTests" time="0.0">
    <skipped/>
  </testcase>
  <testcase name="VerifyCartBadgeUpdateOnAddAndRemove" classname="tests.SauceTests" time="0.0">
    <skipped message="Cannot invoke &quot;org.openqa.selenium.WebDriver.get(String)&quot; because the return value of &quot;base.DriverFactory.getDriver()&quot; is null"/>
  </testcase>
  <testcase name="tearDown" classname="tests.SauceTests" time="0.0">
    <skipped/>
  </testcase>
  <testcase name="tearDown" classname="tests.SauceTests" time="0.0">
    <skipped/>
  </testcase>
  <testcase name="tearDown" classname="tests.SauceTests" time="0.0">
    <skipped/>
  </testcase>
  <testcase name="tearDown" classname="tests.SauceTests" time="0.0">
    <skipped/>
  </testcase>
  <testcase name="tearDown" classname="tests.SauceTests" time="0.0">
    <skipped/>
  </testcase>
  <testcase name="tearDown" classname="tests.SauceTests" time="0.0">
    <skipped/>
  </testcase>
  <testcase name="tearDown" classname="tests.SauceTests" time="0.0">
    <skipped/>
  </testcase>
  <testcase name="tearDown" classname="tests.SauceTests" time="0.0">
    <skipped/>
  </testcase>
  <testcase name="tearDown" classname="tests.SauceTests" time="0.0">
    <skipped/>
  </testcase>
  <testcase name="tearDown" classname="tests.SauceTests" time="0.0">
    <skipped/>
  </testcase>
  <testcase name="tearDown" classname="tests.SauceTests" time="0.0">
    <skipped/>
  </testcase>
  <testcase name="setUp" classname="tests.SauceTests" time="0.0">
    <skipped/>
  </testcase>
  <testcase name="setUp" classname="tests.SauceTests" time="0.0">
    <skipped/>
  </testcase>
  <testcase name="setUp" classname="tests.SauceTests" time="0.0">
    <skipped/>
  </testcase>
  <testcase name="setUp" classname="tests.SauceTests" time="0.0">
    <skipped/>
  </testcase>
  <testcase name="setUp" classname="tests.SauceTests" time="0.0">
    <skipped/>
  </testcase>
  <testcase name="setUp" classname="tests.SauceTests" time="0.0">
    <skipped/>
  </testcase>
  <testcase name="setUp" classname="tests.SauceTests" time="0.0">
    <skipped/>
  </testcase>
  <testcase name="setUp" classname="tests.SauceTests" time="0.0">
    <skipped/>
  </testcase>
  <testcase name="setUp" classname="tests.SauceTests" time="0.0">
    <skipped/>
  </testcase>
  <testcase name="setUp" classname="tests.SauceTests" time="0.0">
    <skipped/>
  </testcase>
  <testcase name="e2ePurchase" classname="tests.SauceTests" time="0.0">
    <skipped message="Cannot invoke &quot;org.openqa.selenium.WebDriver.get(String)&quot; because the return value of &quot;base.DriverFactory.getDriver()&quot; is null"/>
  </testcase>
  <testcase name="loginScenarios[Empty Login, , , Epic sadface: Username is required](1)" classname="tests.SauceTests" time="0.0">
    <skipped message="Cannot invoke &quot;org.openqa.selenium.WebDriver.get(String)&quot; because the return value of &quot;base.DriverFactory.getDriver()&quot; is null"/>
  </testcase>
  <testcase name="loginScenarios[Wrong Password, standard_user, wrongpass123, Epic sadface: Username and password do not match any user in this service](2)" classname="tests.SauceTests" time="0.0">
    <skipped message="Cannot invoke &quot;org.openqa.selenium.WebDriver.get(String)&quot; because the return value of &quot;base.DriverFactory.getDriver()&quot; is null"/>
  </testcase>
  <testcase name="loginScenarios[Locked User, locked_out_user, secret_sauce, Epic sadface: Sorry, this user has been locked out.](3)" classname="tests.SauceTests" time="0.0">
    <skipped message="Cannot invoke &quot;org.openqa.selenium.WebDriver.get(String)&quot; because the return value of &quot;base.DriverFactory.getDriver()&quot; is null"/>
  </testcase>
  <testcase name="loginScenarios[Valid Login, standard_user, secret_sauce, Products](4)" classname="tests.SauceTests" time="0.0">
    <skipped message="Cannot invoke &quot;org.openqa.selenium.WebDriver.get(String)&quot; because the return value of &quot;base.DriverFactory.getDriver()&quot; is null"/>
  </testcase>
  <testcase name="verifyCartPersistenceAndRemoval" classname="tests.SauceTests" time="0.0">
    <skipped message="Cannot invoke &quot;org.openqa.selenium.WebDriver.get(String)&quot; because the return value of &quot;base.DriverFactory.getDriver()&quot; is null"/>
  </testcase>
  <testcase name="verifyImageAndProductConsistency" classname="tests.SauceTests" time="0.0">
    <skipped message="Cannot invoke &quot;org.openqa.selenium.WebDriver.get(String)&quot; because the return value of &quot;base.DriverFactory.getDriver()&quot; is null"/>
  </testcase>
  <testcase name="verifyProductSorting" classname="tests.SauceTests" time="0.0">
    <skipped message="Cannot invoke &quot;org.openqa.selenium.WebDriver.get(String)&quot; because the return value of &quot;base.DriverFactory.getDriver()&quot; is null"/>
  </testcase>
  <testcase name="verifyLogoutAndSessionValidation" classname="tests.SauceTests" time="0.0">
    <skipped message="Cannot invoke &quot;org.openqa.selenium.WebDriver.get(String)&quot; because the return value of &quot;base.DriverFactory.getDriver()&quot; is null"/>
  </testcase>
  <testcase name="verifyProductDetailPage" classname="tests.SauceTests" time="0.0">
    <skipped message="Cannot invoke &quot;org.openqa.selenium.WebDriver.get(String)&quot; because the return value of &quot;base.DriverFactory.getDriver()&quot; is null"/>
  </testcase>
  <testcase name="verifyCrossUserCartIsolation" classname="tests.SauceTests" time="0.0">
    <skipped message="Method SauceTests.verifyCrossUserCartIsolation()[pri:0, instance:tests.SauceTests@2df6226d] depends on not successfully finished methods"/>
  </testcase>
  <testcase name="wrapUpReporting" classname="tests.SauceTests" time="0.0">
    <skipped/>
  </testcase>
</testsuite>