<?xml version="1.0" encoding="UTF-8"?>
<testng-results retried="2" ignored="0" total="14" passed="10" failed="1" skipped="1">
  <reporter-output>
  </reporter-output>
  <suite started-at="2026-05-17T22:12:11 IST" name="SauceDemo Parallel Suite" finished-at="2026-05-17T22:14:48 IST" duration-ms="157008">
    <groups>
    </groups>
    <test started-at="2026-05-17T22:12:11 IST" name="E2E Regression Isolation Tests" finished-at="2026-05-17T22:14:48 IST" duration-ms="157008">
      <class name="tests.SauceTests">
        <test-method is-config="true" signature="setupReporting()[pri:0, instance:tests.SauceTests@52de51b6]" started-at="2026-05-17T22:12:10 IST" name="setupReporting" finished-at="2026-05-17T22:12:11 IST" duration-ms="304" status="PASS">
          <reporter-output>
          </reporter-output>
        </test-method> <!-- setupReporting -->
        <test-method is-config="true" signature="setUp(java.lang.reflect.Method)[pri:0, instance:tests.SauceTests@52de51b6]" started-at="2026-05-17T22:12:11 IST" name="setUp" finished-at="2026-05-17T22:12:16 IST" duration-ms="5824" status="PASS">
          <params>
            <param index="0">
              <value>
                <![CDATA[public void tests.SauceTests.VerifyCartBadgeUpdateOnAddAndRemove()]]>
              </value>
            </param>
          </params>
          <reporter-output>
          </reporter-output>
        </test-method> <!-- setUp -->
        <test-method is-config="true" signature="pageSetUp()[pri:0, instance:tests.SauceTests@52de51b6]" started-at="2026-05-17T22:12:16 IST" name="pageSetUp" finished-at="2026-05-17T22:12:17 IST" duration-ms="68" status="PASS">
          <reporter-output>
          </reporter-output>
        </test-method> <!-- pageSetUp -->
        <test-method retried="true" signature="VerifyCartBadgeUpdateOnAddAndRemove()[pri:0, instance:tests.SauceTests@52de51b6]" started-at="2026-05-17T22:12:17 IST" name="VerifyCartBadgeUpdateOnAddAndRemove" finished-at="2026-05-17T22:12:18 IST" duration-ms="1489" status="SKIP">
          <exception class="java.lang.AssertionError">
            <message>
              <![CDATA[null]]>
            </message>
            <full-stacktrace>
              <![CDATA[java.lang.AssertionError: null
at org.testng.Assert.fail(Assert.java:111)
at org.testng.Assert.fail(Assert.java:116)
at tests.SauceTests.VerifyCartBadgeUpdateOnAddAndRemove(SauceTests.java:149)
at java.base/jdk.internal.reflect.DirectMethodHandleAccessor.invoke(DirectMethodHandleAccessor.java:103)
at java.base/java.lang.reflect.Method.invoke(Method.java:580)
at org.testng.internal.invokers.MethodInvocationHelper.invokeMethod(MethodInvocationHelper.java:141)
at org.testng.internal.invokers.TestInvoker.invokeMethod(TestInvoker.java:687)
at org.testng.internal.invokers.TestInvoker.invokeTestMethod(TestInvoker.java:230)
at org.testng.internal.invokers.MethodRunner.runInSequence(MethodRunner.java:63)
at org.testng.internal.invokers.TestInvoker$MethodInvocationAgent.invoke(TestInvoker.java:995)
at org.testng.internal.invokers.TestInvoker.invokeTestMethods(TestInvoker.java:203)
at org.testng.internal.invokers.TestMethodWorker.invokeTestMethods(TestMethodWorker.java:154)
at org.testng.internal.invokers.TestMethodWorker.run(TestMethodWorker.java:134)
at java.base/java.util.concurrent.Executors$RunnableAdapter.call(Executors.java:572)
at java.base/java.util.concurrent.FutureTask.run(FutureTask.java:317)
at org.testng.internal.thread.graph.TestNGFutureTask.run(TestNGFutureTask.java:22)
at java.base/java.util.concurrent.ThreadPoolExecutor.runWorker(ThreadPoolExecutor.java:1144)
at java.base/java.util.concurrent.ThreadPoolExecutor$Worker.run(ThreadPoolExecutor.java:642)
at java.base/java.lang.Thread.run(Thread.java:1583)
]]>
            </full-stacktrace>
          </exception> <!-- java.lang.AssertionError -->
          <reporter-output>
          </reporter-output>
        </test-method> <!-- VerifyCartBadgeUpdateOnAddAndRemove -->
        <test-method is-config="true" signature="tearDown(org.testng.ITestResult)[pri:0, instance:tests.SauceTests@52de51b6]" started-at="2026-05-17T22:12:18 IST" name="tearDown" finished-at="2026-05-17T22:12:24 IST" duration-ms="5550" status="PASS">
          <params>
            <param index="0">
              <value>
                <![CDATA[[TestResult name=VerifyCartBadgeUpdateOnAddAndRemove status=SKIP method=SauceTests.VerifyCartBadgeUpdateOnAddAndRemove()[pri:0, instance:tests.SauceTests@52de51b6] output={null}]]]>
              </value>
            </param>
          </params>
          <reporter-output>
          </reporter-output>
        </test-method> <!-- tearDown -->
        <test-method is-config="true" signature="setUp(java.lang.reflect.Method)[pri:0, instance:tests.SauceTests@52de51b6]" started-at="2026-05-17T22:12:24 IST" name="setUp" finished-at="2026-05-17T22:12:28 IST" duration-ms="4818" status="PASS">
          <params>
            <param index="0">
              <value>
                <![CDATA[public void tests.SauceTests.VerifyCartBadgeUpdateOnAddAndRemove()]]>
              </value>
            </param>
          </params>
          <reporter-output>
          </reporter-output>
        </test-method> <!-- setUp -->
        <test-method is-config="true" signature="pageSetUp()[pri:0, instance:tests.SauceTests@52de51b6]" started-at="2026-05-17T22:12:28 IST" name="pageSetUp" finished-at="2026-05-17T22:12:28 IST" duration-ms="5" status="PASS">
          <reporter-output>
          </reporter-output>
        </test-method> <!-- pageSetUp -->
        <test-method retried="true" signature="VerifyCartBadgeUpdateOnAddAndRemove()[pri:0, instance:tests.SauceTests@52de51b6]" started-at="2026-05-17T22:12:28 IST" name="VerifyCartBadgeUpdateOnAddAndRemove" finished-at="2026-05-17T22:12:30 IST" duration-ms="1140" status="SKIP">
          <exception class="java.lang.AssertionError">
            <message>
              <![CDATA[null]]>
            </message>
            <full-stacktrace>
              <![CDATA[java.lang.AssertionError: null
at org.testng.Assert.fail(Assert.java:111)
at org.testng.Assert.fail(Assert.java:116)
at tests.SauceTests.VerifyCartBadgeUpdateOnAddAndRemove(SauceTests.java:149)
at java.base/jdk.internal.reflect.DirectMethodHandleAccessor.invoke(DirectMethodHandleAccessor.java:103)
at java.base/java.lang.reflect.Method.invoke(Method.java:580)
at org.testng.internal.invokers.MethodInvocationHelper.invokeMethod(MethodInvocationHelper.java:141)
at org.testng.internal.invokers.TestInvoker.invokeMethod(TestInvoker.java:687)
at org.testng.internal.invokers.TestInvoker.retryFailed(TestInvoker.java:269)
at org.testng.internal.invokers.MethodRunner.runInSequence(MethodRunner.java:76)
at org.testng.internal.invokers.TestInvoker$MethodInvocationAgent.invoke(TestInvoker.java:995)
at org.testng.internal.invokers.TestInvoker.invokeTestMethods(TestInvoker.java:203)
at org.testng.internal.invokers.TestMethodWorker.invokeTestMethods(TestMethodWorker.java:154)
at org.testng.internal.invokers.TestMethodWorker.run(TestMethodWorker.java:134)
at java.base/java.util.concurrent.Executors$RunnableAdapter.call(Executors.java:572)
at java.base/java.util.concurrent.FutureTask.run(FutureTask.java:317)
at org.testng.internal.thread.graph.TestNGFutureTask.run(TestNGFutureTask.java:22)
at java.base/java.util.concurrent.ThreadPoolExecutor.runWorker(ThreadPoolExecutor.java:1144)
at java.base/java.util.concurrent.ThreadPoolExecutor$Worker.run(ThreadPoolExecutor.java:642)
at java.base/java.lang.Thread.run(Thread.java:1583)
]]>
            </full-stacktrace>
          </exception> <!-- java.lang.AssertionError -->
          <reporter-output>
          </reporter-output>
        </test-method> <!-- VerifyCartBadgeUpdateOnAddAndRemove -->
        <test-method is-config="true" signature="tearDown(org.testng.ITestResult)[pri:0, instance:tests.SauceTests@52de51b6]" started-at="2026-05-17T22:12:30 IST" name="tearDown" finished-at="2026-05-17T22:12:35 IST" duration-ms="5309" status="PASS">
          <params>
            <param index="0">
              <value>
                <![CDATA[[TestResult name=VerifyCartBadgeUpdateOnAddAndRemove status=SKIP method=SauceTests.VerifyCartBadgeUpdateOnAddAndRemove()[pri:0, instance:tests.SauceTests@52de51b6] output={null}]]]>
              </value>
            </param>
          </params>
          <reporter-output>
          </reporter-output>
        </test-method> <!-- tearDown -->
        <test-method is-config="true" signature="setUp(java.lang.reflect.Method)[pri:0, instance:tests.SauceTests@52de51b6]" started-at="2026-05-17T22:12:35 IST" name="setUp" finished-at="2026-05-17T22:12:41 IST" duration-ms="5708" status="PASS">
          <params>
            <param index="0">
              <value>
                <![CDATA[public void tests.SauceTests.VerifyCartBadgeUpdateOnAddAndRemove()]]>
              </value>
            </param>
          </params>
          <reporter-output>
          </reporter-output>
        </test-method> <!-- setUp -->
        <test-method signature="VerifyCartBadgeUpdateOnAddAndRemove()[pri:0, instance:tests.SauceTests@52de51b6]" started-at="2026-05-17T22:12:41 IST" name="VerifyCartBadgeUpdateOnAddAndRemove" finished-at="2026-05-17T22:12:42 IST" duration-ms="1111" status="FAIL">
          <exception class="java.lang.AssertionError">
            <message>
              <![CDATA[null]]>
            </message>
            <full-stacktrace>
              <![CDATA[java.lang.AssertionError: null
at org.testng.Assert.fail(Assert.java:111)
at org.testng.Assert.fail(Assert.java:116)
at tests.SauceTests.VerifyCartBadgeUpdateOnAddAndRemove(SauceTests.java:149)
at java.base/jdk.internal.reflect.DirectMethodHandleAccessor.invoke(DirectMethodHandleAccessor.java:103)
at java.base/java.lang.reflect.Method.invoke(Method.java:580)
at org.testng.internal.invokers.MethodInvocationHelper.invokeMethod(MethodInvocationHelper.java:141)
at org.testng.internal.invokers.TestInvoker.invokeMethod(TestInvoker.java:687)
at org.testng.internal.invokers.TestInvoker.retryFailed(TestInvoker.java:269)
at org.testng.internal.invokers.MethodRunner.runInSequence(MethodRunner.java:76)
at org.testng.internal.invokers.TestInvoker$MethodInvocationAgent.invoke(TestInvoker.java:995)
at org.testng.internal.invokers.TestInvoker.invokeTestMethods(TestInvoker.java:203)
at org.testng.internal.invokers.TestMethodWorker.invokeTestMethods(TestMethodWorker.java:154)
at org.testng.internal.invokers.TestMethodWorker.run(TestMethodWorker.java:134)
at java.base/java.util.concurrent.Executors$RunnableAdapter.call(Executors.java:572)
at java.base/java.util.concurrent.FutureTask.run(FutureTask.java:317)
at org.testng.internal.thread.graph.TestNGFutureTask.run(TestNGFutureTask.java:22)
at java.base/java.util.concurrent.ThreadPoolExecutor.runWorker(ThreadPoolExecutor.java:1144)
at java.base/java.util.concurrent.ThreadPoolExecutor$Worker.run(ThreadPoolExecutor.java:642)
at java.base/java.lang.Thread.run(Thread.java:1583)
]]>
            </full-stacktrace>
          </exception> <!-- java.lang.AssertionError -->
          <reporter-output>
          </reporter-output>
        </test-method> <!-- VerifyCartBadgeUpdateOnAddAndRemove -->
        <test-method is-config="true" signature="pageSetUp()[pri:0, instance:tests.SauceTests@52de51b6]" started-at="2026-05-17T22:12:41 IST" name="pageSetUp" finished-at="2026-05-17T22:12:41 IST" duration-ms="0" status="PASS">
          <reporter-output>
          </reporter-output>
        </test-method> <!-- pageSetUp -->
        <test-method is-config="true" signature="tearDown(org.testng.ITestResult)[pri:0, instance:tests.SauceTests@52de51b6]" started-at="2026-05-17T22:12:42 IST" name="tearDown" finished-at="2026-05-17T22:12:48 IST" duration-ms="6111" status="PASS">
          <params>
            <param index="0">
              <value>
                <![CDATA[[TestResult name=VerifyCartBadgeUpdateOnAddAndRemove status=FAILURE method=SauceTests.VerifyCartBadgeUpdateOnAddAndRemove()[pri:0, instance:tests.SauceTests@52de51b6] output={null}]]]>
              </value>
            </param>
          </params>
          <reporter-output>
          </reporter-output>
        </test-method> <!-- tearDown -->
        <test-method is-config="true" signature="setUp(java.lang.reflect.Method)[pri:0, instance:tests.SauceTests@52de51b6]" started-at="2026-05-17T22:12:48 IST" name="setUp" finished-at="2026-05-17T22:12:53 IST" duration-ms="5230" status="PASS">
          <params>
            <param index="0">
              <value>
                <![CDATA[public void tests.SauceTests.e2ePurchase()]]>
              </value>
            </param>
          </params>
          <reporter-output>
          </reporter-output>
        </test-method> <!-- setUp -->
        <test-method is-config="true" signature="pageSetUp()[pri:0, instance:tests.SauceTests@52de51b6]" started-at="2026-05-17T22:12:53 IST" name="pageSetUp" finished-at="2026-05-17T22:12:53 IST" duration-ms="2" status="PASS">
          <reporter-output>
          </reporter-output>
        </test-method> <!-- pageSetUp -->
        <test-method signature="e2ePurchase()[pri:0, instance:tests.SauceTests@52de51b6]" started-at="2026-05-17T22:12:53 IST" name="e2ePurchase" finished-at="2026-05-17T22:12:55 IST" duration-ms="1605" status="PASS">
          <reporter-output>
          </reporter-output>
        </test-method> <!-- e2ePurchase -->
        <test-method is-config="true" signature="tearDown(org.testng.ITestResult)[pri:0, instance:tests.SauceTests@52de51b6]" started-at="2026-05-17T22:12:55 IST" name="tearDown" finished-at="2026-05-17T22:13:00 IST" duration-ms="5775" status="PASS">
          <params>
            <param index="0">
              <value>
                <![CDATA[[TestResult name=e2ePurchase status=SUCCESS method=SauceTests.e2ePurchase()[pri:0, instance:tests.SauceTests@52de51b6] output={null}]]]>
              </value>
            </param>
          </params>
          <reporter-output>
          </reporter-output>
        </test-method> <!-- tearDown -->
        <test-method is-config="true" signature="setUp(java.lang.reflect.Method)[pri:0, instance:tests.SauceTests@52de51b6]" started-at="2026-05-17T22:13:01 IST" name="setUp" finished-at="2026-05-17T22:13:07 IST" duration-ms="5090" status="PASS">
          <params>
            <param index="0">
              <value>
                <![CDATA[public void tests.SauceTests.loginScenarios(java.lang.String,java.lang.String,java.lang.String,java.lang.String)]]>
              </value>
            </param>
          </params>
          <reporter-output>
          </reporter-output>
        </test-method> <!-- setUp -->
        <test-method is-config="true" signature="pageSetUp()[pri:0, instance:tests.SauceTests@52de51b6]" started-at="2026-05-17T22:13:07 IST" name="pageSetUp" finished-at="2026-05-17T22:13:07 IST" duration-ms="4" status="PASS">
          <reporter-output>
          </reporter-output>
        </test-method> <!-- pageSetUp -->
        <test-method signature="loginScenarios(java.lang.String,java.lang.String,java.lang.String,java.lang.String)[pri:0, instance:tests.SauceTests@52de51b6]" started-at="2026-05-17T22:13:07 IST" name="loginScenarios" data-provider="loginData" finished-at="2026-05-17T22:13:07 IST" duration-ms="400" status="PASS">
          <params>
            <param index="0">
              <value>
                <![CDATA[Empty Login]]>
              </value>
            </param>
            <param index="1">
              <value>
                <![CDATA[]]>
              </value>
            </param>
            <param index="2">
              <value>
                <![CDATA[]]>
              </value>
            </param>
            <param index="3">
              <value>
                <![CDATA[Epic sadface: Username is required]]>
              </value>
            </param>
          </params>
          <reporter-output>
          </reporter-output>
        </test-method> <!-- loginScenarios -->
        <test-method is-config="true" signature="tearDown(org.testng.ITestResult)[pri:0, instance:tests.SauceTests@52de51b6]" started-at="2026-05-17T22:13:07 IST" name="tearDown" finished-at="2026-05-17T22:13:13 IST" duration-ms="5967" status="PASS">
          <params>
            <param index="0">
              <value>
                <![CDATA[[TestResult name=loginScenarios status=SUCCESS method=SauceTests.loginScenarios(java.lang.String,java.lang.String,java.lang.String,java.lang.String)[pri:0, instance:tests.SauceTests@52de51b6] output={null}]]]>
              </value>
            </param>
          </params>
          <reporter-output>
          </reporter-output>
        </test-method> <!-- tearDown -->
        <test-method is-config="true" signature="setUp(java.lang.reflect.Method)[pri:0, instance:tests.SauceTests@52de51b6]" started-at="2026-05-17T22:13:13 IST" name="setUp" finished-at="2026-05-17T22:13:18 IST" duration-ms="5526" status="PASS">
          <params>
            <param index="0">
              <value>
                <![CDATA[public void tests.SauceTests.loginScenarios(java.lang.String,java.lang.String,java.lang.String,java.lang.String)]]>
              </value>
            </param>
          </params>
          <reporter-output>
          </reporter-output>
        </test-method> <!-- setUp -->
        <test-method is-config="true" signature="pageSetUp()[pri:0, instance:tests.SauceTests@52de51b6]" started-at="2026-05-17T22:13:18 IST" name="pageSetUp" finished-at="2026-05-17T22:13:18 IST" duration-ms="2" status="PASS">
          <reporter-output>
          </reporter-output>
        </test-method> <!-- pageSetUp -->
        <test-method signature="loginScenarios(java.lang.String,java.lang.String,java.lang.String,java.lang.String)[pri:0, instance:tests.SauceTests@52de51b6]" started-at="2026-05-17T22:13:18 IST" name="loginScenarios" data-provider="loginData" finished-at="2026-05-17T22:13:19 IST" duration-ms="461" status="PASS">
          <params>
            <param index="0">
              <value>
                <![CDATA[Wrong Password]]>
              </value>
            </param>
            <param index="1">
              <value>
                <![CDATA[standard_user]]>
              </value>
            </param>
            <param index="2">
              <value>
                <![CDATA[wrongpass123]]>
              </value>
            </param>
            <param index="3">
              <value>
                <![CDATA[Epic sadface: Username and password do not match any user in this service]]>
              </value>
            </param>
          </params>
          <reporter-output>
          </reporter-output>
        </test-method> <!-- loginScenarios -->
        <test-method is-config="true" signature="tearDown(org.testng.ITestResult)[pri:0, instance:tests.SauceTests@52de51b6]" started-at="2026-05-17T22:13:19 IST" name="tearDown" finished-at="2026-05-17T22:13:25 IST" duration-ms="5622" status="PASS">
          <params>
            <param index="0">
              <value>
                <![CDATA[[TestResult name=loginScenarios status=SUCCESS method=SauceTests.loginScenarios(java.lang.String,java.lang.String,java.lang.String,java.lang.String)[pri:0, instance:tests.SauceTests@52de51b6] output={null}]]]>
              </value>
            </param>
          </params>
          <reporter-output>
          </reporter-output>
        </test-method> <!-- tearDown -->
        <test-method is-config="true" signature="setUp(java.lang.reflect.Method)[pri:0, instance:tests.SauceTests@52de51b6]" started-at="2026-05-17T22:13:25 IST" name="setUp" finished-at="2026-05-17T22:13:30 IST" duration-ms="5142" status="PASS">
          <params>
            <param index="0">
              <value>
                <![CDATA[public void tests.SauceTests.loginScenarios(java.lang.String,java.lang.String,java.lang.String,java.lang.String)]]>
              </value>
            </param>
          </params>
          <reporter-output>
          </reporter-output>
        </test-method> <!-- setUp -->
        <test-method is-config="true" signature="pageSetUp()[pri:0, instance:tests.SauceTests@52de51b6]" started-at="2026-05-17T22:13:30 IST" name="pageSetUp" finished-at="2026-05-17T22:13:30 IST" duration-ms="2" status="PASS">
          <reporter-output>
          </reporter-output>
        </test-method> <!-- pageSetUp -->
        <test-method signature="loginScenarios(java.lang.String,java.lang.String,java.lang.String,java.lang.String)[pri:0, instance:tests.SauceTests@52de51b6]" started-at="2026-05-17T22:13:30 IST" name="loginScenarios" data-provider="loginData" finished-at="2026-05-17T22:13:30 IST" duration-ms="402" status="PASS">
          <params>
            <param index="0">
              <value>
                <![CDATA[Locked User]]>
              </value>
            </param>
            <param index="1">
              <value>
                <![CDATA[locked_out_user]]>
              </value>
            </param>
            <param index="2">
              <value>
                <![CDATA[secret_sauce]]>
              </value>
            </param>
            <param index="3">
              <value>
                <![CDATA[Epic sadface: Sorry, this user has been locked out.]]>
              </value>
            </param>
          </params>
          <reporter-output>
          </reporter-output>
        </test-method> <!-- loginScenarios -->
        <test-method is-config="true" signature="tearDown(org.testng.ITestResult)[pri:0, instance:tests.SauceTests@52de51b6]" started-at="2026-05-17T22:13:30 IST" name="tearDown" finished-at="2026-05-17T22:13:36 IST" duration-ms="5707" status="PASS">
          <params>
            <param index="0">
              <value>
                <![CDATA[[TestResult name=loginScenarios status=SUCCESS method=SauceTests.loginScenarios(java.lang.String,java.lang.String,java.lang.String,java.lang.String)[pri:0, instance:tests.SauceTests@52de51b6] output={null}]]]>
              </value>
            </param>
          </params>
          <reporter-output>
          </reporter-output>
        </test-method> <!-- tearDown -->
        <test-method is-config="true" signature="setUp(java.lang.reflect.Method)[pri:0, instance:tests.SauceTests@52de51b6]" started-at="2026-05-17T22:13:36 IST" name="setUp" finished-at="2026-05-17T22:13:41 IST" duration-ms="4946" status="PASS">
          <params>
            <param index="0">
              <value>
                <![CDATA[public void tests.SauceTests.loginScenarios(java.lang.String,java.lang.String,java.lang.String,java.lang.String)]]>
              </value>
            </param>
          </params>
          <reporter-output>
          </reporter-output>
        </test-method> <!-- setUp -->
        <test-method is-config="true" signature="pageSetUp()[pri:0, instance:tests.SauceTests@52de51b6]" started-at="2026-05-17T22:13:41 IST" name="pageSetUp" finished-at="2026-05-17T22:13:41 IST" duration-ms="2" status="PASS">
          <reporter-output>
          </reporter-output>
        </test-method> <!-- pageSetUp -->
        <test-method signature="loginScenarios(java.lang.String,java.lang.String,java.lang.String,java.lang.String)[pri:0, instance:tests.SauceTests@52de51b6]" started-at="2026-05-17T22:13:41 IST" name="loginScenarios" data-provider="loginData" finished-at="2026-05-17T22:13:41 IST" duration-ms="411" status="PASS">
          <params>
            <param index="0">
              <value>
                <![CDATA[Valid Login]]>
              </value>
            </param>
            <param index="1">
              <value>
                <![CDATA[standard_user]]>
              </value>
            </param>
            <param index="2">
              <value>
                <![CDATA[secret_sauce]]>
              </value>
            </param>
            <param index="3">
              <value>
                <![CDATA[Products]]>
              </value>
            </param>
          </params>
          <reporter-output>
          </reporter-output>
        </test-method> <!-- loginScenarios -->
        <test-method is-config="true" signature="tearDown(org.testng.ITestResult)[pri:0, instance:tests.SauceTests@52de51b6]" started-at="2026-05-17T22:13:41 IST" name="tearDown" finished-at="2026-05-17T22:13:47 IST" duration-ms="5542" status="PASS">
          <params>
            <param index="0">
              <value>
                <![CDATA[[TestResult name=loginScenarios status=SUCCESS method=SauceTests.loginScenarios(java.lang.String,java.lang.String,java.lang.String,java.lang.String)[pri:0, instance:tests.SauceTests@52de51b6] output={null}]]]>
              </value>
            </param>
          </params>
          <reporter-output>
          </reporter-output>
        </test-method> <!-- tearDown -->
        <test-method is-config="true" signature="setUp(java.lang.reflect.Method)[pri:0, instance:tests.SauceTests@52de51b6]" started-at="2026-05-17T22:13:47 IST" name="setUp" finished-at="2026-05-17T22:13:52 IST" duration-ms="5556" status="PASS">
          <params>
            <param index="0">
              <value>
                <![CDATA[public void tests.SauceTests.verifyCartPersistenceAndRemoval()]]>
              </value>
            </param>
          </params>
          <reporter-output>
          </reporter-output>
        </test-method> <!-- setUp -->
        <test-method is-config="true" signature="pageSetUp()[pri:0, instance:tests.SauceTests@52de51b6]" started-at="2026-05-17T22:13:52 IST" name="pageSetUp" finished-at="2026-05-17T22:13:52 IST" duration-ms="2" status="PASS">
          <reporter-output>
          </reporter-output>
        </test-method> <!-- pageSetUp -->
        <test-method signature="verifyCartPersistenceAndRemoval()[pri:0, instance:tests.SauceTests@52de51b6]" started-at="2026-05-17T22:13:52 IST" name="verifyCartPersistenceAndRemoval" finished-at="2026-05-17T22:13:53 IST" duration-ms="1148" status="PASS">
          <reporter-output>
          </reporter-output>
        </test-method> <!-- verifyCartPersistenceAndRemoval -->
        <test-method is-config="true" signature="tearDown(org.testng.ITestResult)[pri:0, instance:tests.SauceTests@52de51b6]" started-at="2026-05-17T22:13:53 IST" name="tearDown" finished-at="2026-05-17T22:14:03 IST" duration-ms="9908" status="PASS">
          <params>
            <param index="0">
              <value>
                <![CDATA[[TestResult name=verifyCartPersistenceAndRemoval status=SUCCESS method=SauceTests.verifyCartPersistenceAndRemoval()[pri:0, instance:tests.SauceTests@52de51b6] output={null}]]]>
              </value>
            </param>
          </params>
          <reporter-output>
          </reporter-output>
        </test-method> <!-- tearDown -->
        <test-method is-config="true" signature="setUp(java.lang.reflect.Method)[pri:0, instance:tests.SauceTests@52de51b6]" started-at="2026-05-17T22:14:03 IST" name="setUp" finished-at="2026-05-17T22:14:08 IST" duration-ms="4757" status="PASS">
          <params>
            <param index="0">
              <value>
                <![CDATA[public void tests.SauceTests.verifyImageAndProductConsistency()]]>
              </value>
            </param>
          </params>
          <reporter-output>
          </reporter-output>
        </test-method> <!-- setUp -->
        <test-method is-config="true" signature="pageSetUp()[pri:0, instance:tests.SauceTests@52de51b6]" started-at="2026-05-17T22:14:08 IST" name="pageSetUp" finished-at="2026-05-17T22:14:08 IST" duration-ms="2" status="PASS">
          <reporter-output>
          </reporter-output>
        </test-method> <!-- pageSetUp -->
        <test-method signature="verifyImageAndProductConsistency()[pri:0, instance:tests.SauceTests@52de51b6]" started-at="2026-05-17T22:14:08 IST" name="verifyImageAndProductConsistency" finished-at="2026-05-17T22:14:09 IST" duration-ms="983" status="PASS">
          <reporter-output>
          </reporter-output>
        </test-method> <!-- verifyImageAndProductConsistency -->
        <test-method is-config="true" signature="tearDown(org.testng.ITestResult)[pri:0, instance:tests.SauceTests@52de51b6]" started-at="2026-05-17T22:14:09 IST" name="tearDown" finished-at="2026-05-17T22:14:15 IST" duration-ms="5515" status="PASS">
          <params>
            <param index="0">
              <value>
                <![CDATA[[TestResult name=verifyImageAndProductConsistency status=SUCCESS method=SauceTests.verifyImageAndProductConsistency()[pri:0, instance:tests.SauceTests@52de51b6] output={null}]]]>
              </value>
            </param>
          </params>
          <reporter-output>
          </reporter-output>
        </test-method> <!-- tearDown -->
        <test-method is-config="true" signature="setUp(java.lang.reflect.Method)[pri:0, instance:tests.SauceTests@52de51b6]" started-at="2026-05-17T22:14:15 IST" name="setUp" finished-at="2026-05-17T22:14:19 IST" duration-ms="4493" status="PASS">
          <params>
            <param index="0">
              <value>
                <![CDATA[public void tests.SauceTests.verifyLogoutAndSessionValidation()]]>
              </value>
            </param>
          </params>
          <reporter-output>
          </reporter-output>
        </test-method> <!-- setUp -->
        <test-method is-config="true" signature="pageSetUp()[pri:0, instance:tests.SauceTests@52de51b6]" started-at="2026-05-17T22:14:19 IST" name="pageSetUp" finished-at="2026-05-17T22:14:19 IST" duration-ms="2" status="PASS">
          <reporter-output>
          </reporter-output>
        </test-method> <!-- pageSetUp -->
        <test-method signature="verifyLogoutAndSessionValidation()[pri:0, instance:tests.SauceTests@52de51b6]" started-at="2026-05-17T22:14:19 IST" name="verifyLogoutAndSessionValidation" finished-at="2026-05-17T22:14:21 IST" duration-ms="1721" status="PASS">
          <reporter-output>
          </reporter-output>
        </test-method> <!-- verifyLogoutAndSessionValidation -->
        <test-method is-config="true" signature="tearDown(org.testng.ITestResult)[pri:0, instance:tests.SauceTests@52de51b6]" started-at="2026-05-17T22:14:21 IST" name="tearDown" finished-at="2026-05-17T22:14:26 IST" duration-ms="5182" status="PASS">
          <params>
            <param index="0">
              <value>
                <![CDATA[[TestResult name=verifyLogoutAndSessionValidation status=SUCCESS method=SauceTests.verifyLogoutAndSessionValidation()[pri:0, instance:tests.SauceTests@52de51b6] output={null}]]]>
              </value>
            </param>
          </params>
          <reporter-output>
          </reporter-output>
        </test-method> <!-- tearDown -->
        <test-method is-config="true" signature="setUp(java.lang.reflect.Method)[pri:0, instance:tests.SauceTests@52de51b6]" started-at="2026-05-17T22:14:26 IST" name="setUp" finished-at="2026-05-17T22:14:30 IST" duration-ms="4543" status="PASS">
          <params>
            <param index="0">
              <value>
                <![CDATA[public void tests.SauceTests.verifyProductDetailPage()]]>
              </value>
            </param>
          </params>
          <reporter-output>
          </reporter-output>
        </test-method> <!-- setUp -->
        <test-method is-config="true" signature="pageSetUp()[pri:0, instance:tests.SauceTests@52de51b6]" started-at="2026-05-17T22:14:30 IST" name="pageSetUp" finished-at="2026-05-17T22:14:30 IST" duration-ms="2" status="PASS">
          <reporter-output>
          </reporter-output>
        </test-method> <!-- pageSetUp -->
        <test-method signature="verifyProductDetailPage()[pri:0, instance:tests.SauceTests@52de51b6]" started-at="2026-05-17T22:14:30 IST" name="verifyProductDetailPage" finished-at="2026-05-17T22:14:32 IST" duration-ms="1012" status="PASS">
          <reporter-output>
          </reporter-output>
        </test-method> <!-- verifyProductDetailPage -->
        <test-method is-config="true" signature="tearDown(org.testng.ITestResult)[pri:0, instance:tests.SauceTests@52de51b6]" started-at="2026-05-17T22:14:32 IST" name="tearDown" finished-at="2026-05-17T22:14:37 IST" duration-ms="5017" status="PASS">
          <params>
            <param index="0">
              <value>
                <![CDATA[[TestResult name=verifyProductDetailPage status=SUCCESS method=SauceTests.verifyProductDetailPage()[pri:0, instance:tests.SauceTests@52de51b6] output={null}]]]>
              </value>
            </param>
          </params>
          <reporter-output>
          </reporter-output>
        </test-method> <!-- tearDown -->
        <test-method is-config="true" signature="setUp(java.lang.reflect.Method)[pri:0, instance:tests.SauceTests@52de51b6]" started-at="2026-05-17T22:14:37 IST" name="setUp" finished-at="2026-05-17T22:14:41 IST" duration-ms="4390" status="PASS">
          <params>
            <param index="0">
              <value>
                <![CDATA[public void tests.SauceTests.verifyProductSorting()]]>
              </value>
            </param>
          </params>
          <reporter-output>
          </reporter-output>
        </test-method> <!-- setUp -->
        <test-method is-config="true" signature="pageSetUp()[pri:0, instance:tests.SauceTests@52de51b6]" started-at="2026-05-17T22:14:41 IST" name="pageSetUp" finished-at="2026-05-17T22:14:41 IST" duration-ms="1" status="PASS">
          <reporter-output>
          </reporter-output>
        </test-method> <!-- pageSetUp -->
        <test-method signature="verifyProductSorting()[pri:0, instance:tests.SauceTests@52de51b6]" started-at="2026-05-17T22:14:41 IST" name="verifyProductSorting" finished-at="2026-05-17T22:14:42 IST" duration-ms="1441" status="PASS">
          <reporter-output>
          </reporter-output>
        </test-method> <!-- verifyProductSorting -->
        <test-method is-config="true" signature="tearDown(org.testng.ITestResult)[pri:0, instance:tests.SauceTests@52de51b6]" started-at="2026-05-17T22:14:42 IST" name="tearDown" finished-at="2026-05-17T22:14:48 IST" duration-ms="5254" status="PASS">
          <params>
            <param index="0">
              <value>
                <![CDATA[[TestResult name=verifyProductSorting status=SUCCESS method=SauceTests.verifyProductSorting()[pri:0, instance:tests.SauceTests@52de51b6] output={null}]]]>
              </value>
            </param>
          </params>
          <reporter-output>
          </reporter-output>
        </test-method> <!-- tearDown -->
        <test-method signature="verifyCrossUserCartIsolation()[pri:0, instance:tests.SauceTests@52de51b6]" started-at="2026-05-17T22:14:48 IST" name="verifyCrossUserCartIsolation" finished-at="2026-05-17T22:14:48 IST" depends-on-methods="tests.SauceTests.VerifyCartBadgeUpdateOnAddAndRemove, tests.SauceTests.verifyCartPersistenceAndRemoval, tests.SauceTests.e2ePurchase" duration-ms="0" status="SKIP">
          <exception class="java.lang.Throwable">
            <message>
              <![CDATA[Method tests.SauceTests.verifyCrossUserCartIsolation() on instance tests.SauceTests@52de51b6 depends on not successfully finished methods 
[tests.SauceTests.VerifyCartBadgeUpdateOnAddAndRemove() on instance tests.SauceTests@52de51b6
tests.SauceTests.verifyCartPersistenceAndRemoval() on instance tests.SauceTests@52de51b6
tests.SauceTests.e2ePurchase() on instance tests.SauceTests@52de51b6]]]>
            </message>
            <full-stacktrace>
              <![CDATA[java.lang.Throwable: Method tests.SauceTests.verifyCrossUserCartIsolation() on instance tests.SauceTests@52de51b6 depends on not successfully finished methods 
[tests.SauceTests.VerifyCartBadgeUpdateOnAddAndRemove() on instance tests.SauceTests@52de51b6
tests.SauceTests.verifyCartPersistenceAndRemoval() on instance tests.SauceTests@52de51b6
tests.SauceTests.e2ePurchase() on instance tests.SauceTests@52de51b6]
at org.testng.internal.invokers.TestInvoker.invokeTestMethods(TestInvoker.java:159)
at org.testng.internal.invokers.TestMethodWorker.invokeTestMethods(TestMethodWorker.java:154)
at org.testng.internal.invokers.TestMethodWorker.run(TestMethodWorker.java:134)
at java.base/java.util.concurrent.Executors$RunnableAdapter.call(Executors.java:572)
at java.base/java.util.concurrent.FutureTask.run(FutureTask.java:317)
at org.testng.internal.thread.graph.TestNGFutureTask.run(TestNGFutureTask.java:22)
at java.base/java.util.concurrent.ThreadPoolExecutor.runWorker(ThreadPoolExecutor.java:1144)
at java.base/java.util.concurrent.ThreadPoolExecutor$Worker.run(ThreadPoolExecutor.java:642)
at java.base/java.lang.Thread.run(Thread.java:1583)
]]>
            </full-stacktrace>
          </exception> <!-- java.lang.Throwable -->
          <reporter-output>
          </reporter-output>
        </test-method> <!-- verifyCrossUserCartIsolation -->
        <test-method is-config="true" signature="wrapUpReporting()[pri:0, instance:tests.SauceTests@52de51b6]" started-at="2026-05-17T22:14:48 IST" name="wrapUpReporting" finished-at="2026-05-17T22:14:48 IST" duration-ms="290" status="PASS">
          <reporter-output>
          </reporter-output>
        </test-method> <!-- wrapUpReporting -->
      </class> <!-- tests.SauceTests -->
    </test> <!-- E2E Regression Isolation Tests -->
  </suite> <!-- SauceDemo Parallel Suite -->
</testng-results>
