<?xml version="1.0" encoding="UTF-8"?>
<testng-results ignored="0" total="12" passed="12" failed="0" skipped="0">
  <reporter-output>
  </reporter-output>
  <suite started-at="2026-05-16T23:37:37 IST" name="SauceDemo Parallel Suite" finished-at="2026-05-16T23:39:22 IST" duration-ms="105337">
    <groups>
    </groups>
    <test started-at="2026-05-16T23:37:37 IST" name="E2E Regression Isolation Tests" finished-at="2026-05-16T23:39:22 IST" duration-ms="105337">
      <class name="tests.SauceTests">
        <test-method is-config="true" signature="setupReporting()[pri:0, instance:tests.SauceTests@7eac9008]" started-at="2026-05-16T23:37:37 IST" name="setupReporting" finished-at="2026-05-16T23:37:37 IST" duration-ms="184" status="PASS">
          <reporter-output>
          </reporter-output>
        </test-method> <!-- setupReporting -->
        <test-method is-config="true" signature="setUp(java.lang.reflect.Method)[pri:0, instance:tests.SauceTests@7eac9008]" started-at="2026-05-16T23:37:37 IST" name="setUp" finished-at="2026-05-16T23:37:40 IST" duration-ms="3565" status="PASS">
          <params>
            <param index="0">
              <value>
                <![CDATA[public void tests.SauceTests.VerifyCartBadgeUpdateOnAddAndRemove()]]>
              </value>
            </param>
          </params>
          <reporter-output>
          </reporter-output>
        </test-method> <!-- setUp -->
        <test-method is-config="true" signature="pageSetUp()[pri:0, instance:tests.SauceTests@7eac9008]" started-at="2026-05-16T23:37:40 IST" name="pageSetUp" finished-at="2026-05-16T23:37:41 IST" duration-ms="40" status="PASS">
          <reporter-output>
          </reporter-output>
        </test-method> <!-- pageSetUp -->
        <test-method signature="VerifyCartBadgeUpdateOnAddAndRemove()[pri:0, instance:tests.SauceTests@7eac9008]" started-at="2026-05-16T23:37:41 IST" name="VerifyCartBadgeUpdateOnAddAndRemove" finished-at="2026-05-16T23:37:41 IST" duration-ms="963" status="PASS">
          <reporter-output>
          </reporter-output>
        </test-method> <!-- VerifyCartBadgeUpdateOnAddAndRemove -->
        <test-method is-config="true" signature="tearDown(org.testng.ITestResult)[pri:0, instance:tests.SauceTests@7eac9008]" started-at="2026-05-16T23:37:41 IST" name="tearDown" finished-at="2026-05-16T23:37:46 IST" duration-ms="4398" status="PASS">
          <params>
            <param index="0">
              <value>
                <![CDATA[[TestResult name=VerifyCartBadgeUpdateOnAddAndRemove status=SUCCESS method=SauceTests.VerifyCartBadgeUpdateOnAddAndRemove()[pri:0, instance:tests.SauceTests@7eac9008] output={null}]]]>
              </value>
            </param>
          </params>
          <reporter-output>
          </reporter-output>
        </test-method> <!-- tearDown -->
        <test-method is-config="true" signature="setUp(java.lang.reflect.Method)[pri:0, instance:tests.SauceTests@7eac9008]" started-at="2026-05-16T23:37:46 IST" name="setUp" finished-at="2026-05-16T23:37:49 IST" duration-ms="3193" status="PASS">
          <params>
            <param index="0">
              <value>
                <![CDATA[public void tests.SauceTests.e2ePurchase()]]>
              </value>
            </param>
          </params>
          <reporter-output>
          </reporter-output>
        </test-method> <!-- setUp -->
        <test-method is-config="true" signature="pageSetUp()[pri:0, instance:tests.SauceTests@7eac9008]" started-at="2026-05-16T23:37:49 IST" name="pageSetUp" finished-at="2026-05-16T23:37:49 IST" duration-ms="6" status="PASS">
          <reporter-output>
          </reporter-output>
        </test-method> <!-- pageSetUp -->
        <test-method signature="e2ePurchase()[pri:0, instance:tests.SauceTests@7eac9008]" started-at="2026-05-16T23:37:49 IST" name="e2ePurchase" finished-at="2026-05-16T23:37:50 IST" duration-ms="1227" status="PASS">
          <reporter-output>
          </reporter-output>
        </test-method> <!-- e2ePurchase -->
        <test-method is-config="true" signature="tearDown(org.testng.ITestResult)[pri:0, instance:tests.SauceTests@7eac9008]" started-at="2026-05-16T23:37:50 IST" name="tearDown" finished-at="2026-05-16T23:37:55 IST" duration-ms="4400" status="PASS">
          <params>
            <param index="0">
              <value>
                <![CDATA[[TestResult name=e2ePurchase status=SUCCESS method=SauceTests.e2ePurchase()[pri:0, instance:tests.SauceTests@7eac9008] output={null}]]]>
              </value>
            </param>
          </params>
          <reporter-output>
          </reporter-output>
        </test-method> <!-- tearDown -->
        <test-method is-config="true" signature="setUp(java.lang.reflect.Method)[pri:0, instance:tests.SauceTests@7eac9008]" started-at="2026-05-16T23:37:56 IST" name="setUp" finished-at="2026-05-16T23:37:59 IST" duration-ms="3148" status="PASS">
          <params>
            <param index="0">
              <value>
                <![CDATA[public void tests.SauceTests.loginScenarios(java.lang.String,java.lang.String,java.lang.String,java.lang.String)]]>
              </value>
            </param>
          </params>
          <reporter-output>
          </reporter-output>
        </test-method> <!-- setUp -->
        <test-method is-config="true" signature="pageSetUp()[pri:0, instance:tests.SauceTests@7eac9008]" started-at="2026-05-16T23:37:59 IST" name="pageSetUp" finished-at="2026-05-16T23:37:59 IST" duration-ms="7" status="PASS">
          <reporter-output>
          </reporter-output>
        </test-method> <!-- pageSetUp -->
        <test-method signature="loginScenarios(java.lang.String,java.lang.String,java.lang.String,java.lang.String)[pri:0, instance:tests.SauceTests@7eac9008]" started-at="2026-05-16T23:37:59 IST" name="loginScenarios" data-provider="loginData" finished-at="2026-05-16T23:37:59 IST" duration-ms="253" status="PASS">
          <params>
            <param index="0">
              <value>
                <![CDATA[Empty Login]]>
              </value>
            </param>
            <param index="1">
              <value>
                <![CDATA[]]>
              </value>
            </param>
            <param index="2">
              <value>
                <![CDATA[]]>
              </value>
            </param>
            <param index="3">
              <value>
                <![CDATA[Epic sadface: Username is required]]>
              </value>
            </param>
          </params>
          <reporter-output>
          </reporter-output>
        </test-method> <!-- loginScenarios -->
        <test-method is-config="true" signature="tearDown(org.testng.ITestResult)[pri:0, instance:tests.SauceTests@7eac9008]" started-at="2026-05-16T23:37:59 IST" name="tearDown" finished-at="2026-05-16T23:38:03 IST" duration-ms="4165" status="PASS">
          <params>
            <param index="0">
              <value>
                <![CDATA[[TestResult name=loginScenarios status=SUCCESS method=SauceTests.loginScenarios(java.lang.String,java.lang.String,java.lang.String,java.lang.String)[pri:0, instance:tests.SauceTests@7eac9008] output={null}]]]>
              </value>
            </param>
          </params>
          <reporter-output>
          </reporter-output>
        </test-method> <!-- tearDown -->
        <test-method is-config="true" signature="setUp(java.lang.reflect.Method)[pri:0, instance:tests.SauceTests@7eac9008]" started-at="2026-05-16T23:38:03 IST" name="setUp" finished-at="2026-05-16T23:38:06 IST" duration-ms="3133" status="PASS">
          <params>
            <param index="0">
              <value>
                <![CDATA[public void tests.SauceTests.loginScenarios(java.lang.String,java.lang.String,java.lang.String,java.lang.String)]]>
              </value>
            </param>
          </params>
          <reporter-output>
          </reporter-output>
        </test-method> <!-- setUp -->
        <test-method is-config="true" signature="pageSetUp()[pri:0, instance:tests.SauceTests@7eac9008]" started-at="2026-05-16T23:38:06 IST" name="pageSetUp" finished-at="2026-05-16T23:38:06 IST" duration-ms="4" status="PASS">
          <reporter-output>
          </reporter-output>
        </test-method> <!-- pageSetUp -->
        <test-method signature="loginScenarios(java.lang.String,java.lang.String,java.lang.String,java.lang.String)[pri:0, instance:tests.SauceTests@7eac9008]" started-at="2026-05-16T23:38:06 IST" name="loginScenarios" data-provider="loginData" finished-at="2026-05-16T23:38:07 IST" duration-ms="308" status="PASS">
          <params>
            <param index="0">
              <value>
                <![CDATA[Wrong Password]]>
              </value>
            </param>
            <param index="1">
              <value>
                <![CDATA[standard_user]]>
              </value>
            </param>
            <param index="2">
              <value>
                <![CDATA[wrongpass123]]>
              </value>
            </param>
            <param index="3">
              <value>
                <![CDATA[Epic sadface: Username and password do not match any user in this service]]>
              </value>
            </param>
          </params>
          <reporter-output>
          </reporter-output>
        </test-method> <!-- loginScenarios -->
        <test-method is-config="true" signature="tearDown(org.testng.ITestResult)[pri:0, instance:tests.SauceTests@7eac9008]" started-at="2026-05-16T23:38:07 IST" name="tearDown" finished-at="2026-05-16T23:38:11 IST" duration-ms="3985" status="PASS">
          <params>
            <param index="0">
              <value>
                <![CDATA[[TestResult name=loginScenarios status=SUCCESS method=SauceTests.loginScenarios(java.lang.String,java.lang.String,java.lang.String,java.lang.String)[pri:0, instance:tests.SauceTests@7eac9008] output={null}]]]>
              </value>
            </param>
          </params>
          <reporter-output>
          </reporter-output>
        </test-method> <!-- tearDown -->
        <test-method is-config="true" signature="setUp(java.lang.reflect.Method)[pri:0, instance:tests.SauceTests@7eac9008]" started-at="2026-05-16T23:38:11 IST" name="setUp" finished-at="2026-05-16T23:38:14 IST" duration-ms="3085" status="PASS">
          <params>
            <param index="0">
              <value>
                <![CDATA[public void tests.SauceTests.loginScenarios(java.lang.String,java.lang.String,java.lang.String,java.lang.String)]]>
              </value>
            </param>
          </params>
          <reporter-output>
          </reporter-output>
        </test-method> <!-- setUp -->
        <test-method is-config="true" signature="pageSetUp()[pri:0, instance:tests.SauceTests@7eac9008]" started-at="2026-05-16T23:38:14 IST" name="pageSetUp" finished-at="2026-05-16T23:38:14 IST" duration-ms="4" status="PASS">
          <reporter-output>
          </reporter-output>
        </test-method> <!-- pageSetUp -->
        <test-method signature="loginScenarios(java.lang.String,java.lang.String,java.lang.String,java.lang.String)[pri:0, instance:tests.SauceTests@7eac9008]" started-at="2026-05-16T23:38:14 IST" name="loginScenarios" data-provider="loginData" finished-at="2026-05-16T23:38:14 IST" duration-ms="367" status="PASS">
          <params>
            <param index="0">
              <value>
                <![CDATA[Locked User]]>
              </value>
            </param>
            <param index="1">
              <value>
                <![CDATA[locked_out_user]]>
              </value>
            </param>
            <param index="2">
              <value>
                <![CDATA[secret_sauce]]>
              </value>
            </param>
            <param index="3">
              <value>
                <![CDATA[Epic sadface: Sorry, this user has been locked out.]]>
              </value>
            </param>
          </params>
          <reporter-output>
          </reporter-output>
        </test-method> <!-- loginScenarios -->
        <test-method is-config="true" signature="tearDown(org.testng.ITestResult)[pri:0, instance:tests.SauceTests@7eac9008]" started-at="2026-05-16T23:38:14 IST" name="tearDown" finished-at="2026-05-16T23:38:18 IST" duration-ms="3954" status="PASS">
          <params>
            <param index="0">
              <value>
                <![CDATA[[TestResult name=loginScenarios status=SUCCESS method=SauceTests.loginScenarios(java.lang.String,java.lang.String,java.lang.String,java.lang.String)[pri:0, instance:tests.SauceTests@7eac9008] output={null}]]]>
              </value>
            </param>
          </params>
          <reporter-output>
          </reporter-output>
        </test-method> <!-- tearDown -->
        <test-method is-config="true" signature="setUp(java.lang.reflect.Method)[pri:0, instance:tests.SauceTests@7eac9008]" started-at="2026-05-16T23:38:18 IST" name="setUp" finished-at="2026-05-16T23:38:21 IST" duration-ms="3253" status="PASS">
          <params>
            <param index="0">
              <value>
                <![CDATA[public void tests.SauceTests.loginScenarios(java.lang.String,java.lang.String,java.lang.String,java.lang.String)]]>
              </value>
            </param>
          </params>
          <reporter-output>
          </reporter-output>
        </test-method> <!-- setUp -->
        <test-method is-config="true" signature="pageSetUp()[pri:0, instance:tests.SauceTests@7eac9008]" started-at="2026-05-16T23:38:21 IST" name="pageSetUp" finished-at="2026-05-16T23:38:21 IST" duration-ms="2" status="PASS">
          <reporter-output>
          </reporter-output>
        </test-method> <!-- pageSetUp -->
        <test-method signature="loginScenarios(java.lang.String,java.lang.String,java.lang.String,java.lang.String)[pri:0, instance:tests.SauceTests@7eac9008]" started-at="2026-05-16T23:38:21 IST" name="loginScenarios" data-provider="loginData" finished-at="2026-05-16T23:38:22 IST" duration-ms="305" status="PASS">
          <params>
            <param index="0">
              <value>
                <![CDATA[Valid Login]]>
              </value>
            </param>
            <param index="1">
              <value>
                <![CDATA[standard_user]]>
              </value>
            </param>
            <param index="2">
              <value>
                <![CDATA[secret_sauce]]>
              </value>
            </param>
            <param index="3">
              <value>
                <![CDATA[Products]]>
              </value>
            </param>
          </params>
          <reporter-output>
          </reporter-output>
        </test-method> <!-- loginScenarios -->
        <test-method is-config="true" signature="tearDown(org.testng.ITestResult)[pri:0, instance:tests.SauceTests@7eac9008]" started-at="2026-05-16T23:38:22 IST" name="tearDown" finished-at="2026-05-16T23:38:26 IST" duration-ms="4221" status="PASS">
          <params>
            <param index="0">
              <value>
                <![CDATA[[TestResult name=loginScenarios status=SUCCESS method=SauceTests.loginScenarios(java.lang.String,java.lang.String,java.lang.String,java.lang.String)[pri:0, instance:tests.SauceTests@7eac9008] output={null}]]]>
              </value>
            </param>
          </params>
          <reporter-output>
          </reporter-output>
        </test-method> <!-- tearDown -->
        <test-method is-config="true" signature="setUp(java.lang.reflect.Method)[pri:0, instance:tests.SauceTests@7eac9008]" started-at="2026-05-16T23:38:26 IST" name="setUp" finished-at="2026-05-16T23:38:29 IST" duration-ms="3187" status="PASS">
          <params>
            <param index="0">
              <value>
                <![CDATA[public void tests.SauceTests.verifyCartPersistenceAndRemoval()]]>
              </value>
            </param>
          </params>
          <reporter-output>
          </reporter-output>
        </test-method> <!-- setUp -->
        <test-method is-config="true" signature="pageSetUp()[pri:0, instance:tests.SauceTests@7eac9008]" started-at="2026-05-16T23:38:29 IST" name="pageSetUp" finished-at="2026-05-16T23:38:29 IST" duration-ms="4" status="PASS">
          <reporter-output>
          </reporter-output>
        </test-method> <!-- pageSetUp -->
        <test-method signature="verifyCartPersistenceAndRemoval()[pri:0, instance:tests.SauceTests@7eac9008]" started-at="2026-05-16T23:38:29 IST" name="verifyCartPersistenceAndRemoval" finished-at="2026-05-16T23:38:30 IST" duration-ms="964" status="PASS">
          <reporter-output>
          </reporter-output>
        </test-method> <!-- verifyCartPersistenceAndRemoval -->
        <test-method is-config="true" signature="tearDown(org.testng.ITestResult)[pri:0, instance:tests.SauceTests@7eac9008]" started-at="2026-05-16T23:38:30 IST" name="tearDown" finished-at="2026-05-16T23:38:34 IST" duration-ms="4147" status="PASS">
          <params>
            <param index="0">
              <value>
                <![CDATA[[TestResult name=verifyCartPersistenceAndRemoval status=SUCCESS method=SauceTests.verifyCartPersistenceAndRemoval()[pri:0, instance:tests.SauceTests@7eac9008] output={null}]]]>
              </value>
            </param>
          </params>
          <reporter-output>
          </reporter-output>
        </test-method> <!-- tearDown -->
        <test-method is-config="true" signature="setUp(java.lang.reflect.Method)[pri:0, instance:tests.SauceTests@7eac9008]" started-at="2026-05-16T23:38:34 IST" name="setUp" finished-at="2026-05-16T23:38:39 IST" duration-ms="4412" status="PASS">
          <params>
            <param index="0">
              <value>
                <![CDATA[public void tests.SauceTests.verifyImageAndProductConsistency()]]>
              </value>
            </param>
          </params>
          <reporter-output>
          </reporter-output>
        </test-method> <!-- setUp -->
        <test-method is-config="true" signature="pageSetUp()[pri:0, instance:tests.SauceTests@7eac9008]" started-at="2026-05-16T23:38:39 IST" name="pageSetUp" finished-at="2026-05-16T23:38:39 IST" duration-ms="5" status="PASS">
          <reporter-output>
          </reporter-output>
        </test-method> <!-- pageSetUp -->
        <test-method signature="verifyImageAndProductConsistency()[pri:0, instance:tests.SauceTests@7eac9008]" started-at="2026-05-16T23:38:39 IST" name="verifyImageAndProductConsistency" finished-at="2026-05-16T23:38:40 IST" duration-ms="1907" status="PASS">
          <reporter-output>
          </reporter-output>
        </test-method> <!-- verifyImageAndProductConsistency -->
        <test-method is-config="true" signature="tearDown(org.testng.ITestResult)[pri:0, instance:tests.SauceTests@7eac9008]" started-at="2026-05-16T23:38:40 IST" name="tearDown" finished-at="2026-05-16T23:38:45 IST" duration-ms="4759" status="PASS">
          <params>
            <param index="0">
              <value>
                <![CDATA[[TestResult name=verifyImageAndProductConsistency status=SUCCESS method=SauceTests.verifyImageAndProductConsistency()[pri:0, instance:tests.SauceTests@7eac9008] output={null}]]]>
              </value>
            </param>
          </params>
          <reporter-output>
          </reporter-output>
        </test-method> <!-- tearDown -->
        <test-method is-config="true" signature="setUp(java.lang.reflect.Method)[pri:0, instance:tests.SauceTests@7eac9008]" started-at="2026-05-16T23:38:45 IST" name="setUp" finished-at="2026-05-16T23:38:48 IST" duration-ms="3245" status="PASS">
          <params>
            <param index="0">
              <value>
                <![CDATA[public void tests.SauceTests.verifyLogoutAndSessionValidation()]]>
              </value>
            </param>
          </params>
          <reporter-output>
          </reporter-output>
        </test-method> <!-- setUp -->
        <test-method is-config="true" signature="pageSetUp()[pri:0, instance:tests.SauceTests@7eac9008]" started-at="2026-05-16T23:38:48 IST" name="pageSetUp" finished-at="2026-05-16T23:38:48 IST" duration-ms="1" status="PASS">
          <reporter-output>
          </reporter-output>
        </test-method> <!-- pageSetUp -->
        <test-method signature="verifyLogoutAndSessionValidation()[pri:0, instance:tests.SauceTests@7eac9008]" started-at="2026-05-16T23:38:48 IST" name="verifyLogoutAndSessionValidation" finished-at="2026-05-16T23:38:50 IST" duration-ms="1230" status="PASS">
          <reporter-output>
          </reporter-output>
        </test-method> <!-- verifyLogoutAndSessionValidation -->
        <test-method is-config="true" signature="tearDown(org.testng.ITestResult)[pri:0, instance:tests.SauceTests@7eac9008]" started-at="2026-05-16T23:38:50 IST" name="tearDown" finished-at="2026-05-16T23:38:54 IST" duration-ms="4582" status="PASS">
          <params>
            <param index="0">
              <value>
                <![CDATA[[TestResult name=verifyLogoutAndSessionValidation status=SUCCESS method=SauceTests.verifyLogoutAndSessionValidation()[pri:0, instance:tests.SauceTests@7eac9008] output={null}]]]>
              </value>
            </param>
          </params>
          <reporter-output>
          </reporter-output>
        </test-method> <!-- tearDown -->
        <test-method is-config="true" signature="setUp(java.lang.reflect.Method)[pri:0, instance:tests.SauceTests@7eac9008]" started-at="2026-05-16T23:38:54 IST" name="setUp" finished-at="2026-05-16T23:38:57 IST" duration-ms="2681" status="PASS">
          <params>
            <param index="0">
              <value>
                <![CDATA[public void tests.SauceTests.verifyProductDetailPage()]]>
              </value>
            </param>
          </params>
          <reporter-output>
          </reporter-output>
        </test-method> <!-- setUp -->
        <test-method is-config="true" signature="pageSetUp()[pri:0, instance:tests.SauceTests@7eac9008]" started-at="2026-05-16T23:38:57 IST" name="pageSetUp" finished-at="2026-05-16T23:38:57 IST" duration-ms="3" status="PASS">
          <reporter-output>
          </reporter-output>
        </test-method> <!-- pageSetUp -->
        <test-method signature="verifyProductDetailPage()[pri:0, instance:tests.SauceTests@7eac9008]" started-at="2026-05-16T23:38:57 IST" name="verifyProductDetailPage" finished-at="2026-05-16T23:38:58 IST" duration-ms="1128" status="PASS">
          <reporter-output>
          </reporter-output>
        </test-method> <!-- verifyProductDetailPage -->
        <test-method is-config="true" signature="tearDown(org.testng.ITestResult)[pri:0, instance:tests.SauceTests@7eac9008]" started-at="2026-05-16T23:38:58 IST" name="tearDown" finished-at="2026-05-16T23:39:03 IST" duration-ms="4453" status="PASS">
          <params>
            <param index="0">
              <value>
                <![CDATA[[TestResult name=verifyProductDetailPage status=SUCCESS method=SauceTests.verifyProductDetailPage()[pri:0, instance:tests.SauceTests@7eac9008] output={null}]]]>
              </value>
            </param>
          </params>
          <reporter-output>
          </reporter-output>
        </test-method> <!-- tearDown -->
        <test-method is-config="true" signature="setUp(java.lang.reflect.Method)[pri:0, instance:tests.SauceTests@7eac9008]" started-at="2026-05-16T23:39:03 IST" name="setUp" finished-at="2026-05-16T23:39:06 IST" duration-ms="3291" status="PASS">
          <params>
            <param index="0">
              <value>
                <![CDATA[public void tests.SauceTests.verifyProductSorting()]]>
              </value>
            </param>
          </params>
          <reporter-output>
          </reporter-output>
        </test-method> <!-- setUp -->
        <test-method is-config="true" signature="pageSetUp()[pri:0, instance:tests.SauceTests@7eac9008]" started-at="2026-05-16T23:39:06 IST" name="pageSetUp" finished-at="2026-05-16T23:39:06 IST" duration-ms="3" status="PASS">
          <reporter-output>
          </reporter-output>
        </test-method> <!-- pageSetUp -->
        <test-method signature="verifyProductSorting()[pri:0, instance:tests.SauceTests@7eac9008]" started-at="2026-05-16T23:39:06 IST" name="verifyProductSorting" finished-at="2026-05-16T23:39:07 IST" duration-ms="970" status="PASS">
          <reporter-output>
          </reporter-output>
        </test-method> <!-- verifyProductSorting -->
        <test-method is-config="true" signature="tearDown(org.testng.ITestResult)[pri:0, instance:tests.SauceTests@7eac9008]" started-at="2026-05-16T23:39:07 IST" name="tearDown" finished-at="2026-05-16T23:39:11 IST" duration-ms="4328" status="PASS">
          <params>
            <param index="0">
              <value>
                <![CDATA[[TestResult name=verifyProductSorting status=SUCCESS method=SauceTests.verifyProductSorting()[pri:0, instance:tests.SauceTests@7eac9008] output={null}]]]>
              </value>
            </param>
          </params>
          <reporter-output>
          </reporter-output>
        </test-method> <!-- tearDown -->
        <test-method is-config="true" signature="setUp(java.lang.reflect.Method)[pri:0, instance:tests.SauceTests@7eac9008]" started-at="2026-05-16T23:39:11 IST" name="setUp" finished-at="2026-05-16T23:39:14 IST" duration-ms="3091" status="PASS">
          <params>
            <param index="0">
              <value>
                <![CDATA[public void tests.SauceTests.verifyCrossUserCartIsolation()]]>
              </value>
            </param>
          </params>
          <reporter-output>
          </reporter-output>
        </test-method> <!-- setUp -->
        <test-method is-config="true" signature="pageSetUp()[pri:0, instance:tests.SauceTests@7eac9008]" started-at="2026-05-16T23:39:14 IST" name="pageSetUp" finished-at="2026-05-16T23:39:14 IST" duration-ms="3" status="PASS">
          <reporter-output>
          </reporter-output>
        </test-method> <!-- pageSetUp -->
        <test-method signature="verifyCrossUserCartIsolation()[pri:0, instance:tests.SauceTests@7eac9008]" started-at="2026-05-16T23:39:14 IST" name="verifyCrossUserCartIsolation" finished-at="2026-05-16T23:39:18 IST" depends-on-methods="tests.SauceTests.VerifyCartBadgeUpdateOnAddAndRemove, tests.SauceTests.verifyCartPersistenceAndRemoval, tests.SauceTests.e2ePurchase" duration-ms="3733" status="PASS">
          <reporter-output>
          </reporter-output>
        </test-method> <!-- verifyCrossUserCartIsolation -->
        <test-method is-config="true" signature="tearDown(org.testng.ITestResult)[pri:0, instance:tests.SauceTests@7eac9008]" started-at="2026-05-16T23:39:18 IST" name="tearDown" finished-at="2026-05-16T23:39:22 IST" duration-ms="4210" status="PASS">
          <params>
            <param index="0">
              <value>
                <![CDATA[[TestResult name=verifyCrossUserCartIsolation status=SUCCESS method=SauceTests.verifyCrossUserCartIsolation()[pri:0, instance:tests.SauceTests@7eac9008] output={null}]]]>
              </value>
            </param>
          </params>
          <reporter-output>
          </reporter-output>
        </test-method> <!-- tearDown -->
        <test-method is-config="true" signature="wrapUpReporting()[pri:0, instance:tests.SauceTests@7eac9008]" started-at="2026-05-16T23:39:22 IST" name="wrapUpReporting" finished-at="2026-05-16T23:39:23 IST" duration-ms="748" status="PASS">
          <reporter-output>
          </reporter-output>
        </test-method> <!-- wrapUpReporting -->
      </class> <!-- tests.SauceTests -->
    </test> <!-- E2E Regression Isolation Tests -->
  </suite> <!-- SauceDemo Parallel Suite -->
</testng-results>
