<?xml version="1.0" encoding="UTF-8"?>
<!-- Generated by org.testng.reporters.JUnitReportReporter -->
<testsuite hostname="LTIN674473" failures="0" tests="12" name="tests.SauceTests" time="104.323" errors="0" timestamp="2026-05-16T23:39:23 IST" skipped="0">
  <testcase classname="tests.SauceTests" name="loginScenarios" time="7.901"/>
  <testcase classname="tests.SauceTests" name="verifyCrossUserCartIsolation" time="10.984"/>
  <testcase classname="tests.SauceTests" name="e2ePurchase" time="8.547"/>
  <testcase classname="tests.SauceTests" name="loginScenarios" time="9.121"/>
  <testcase classname="tests.SauceTests" name="verifyLogoutAndSessionValidation" time="8.533"/>
  <testcase classname="tests.SauceTests" name="loginScenarios" time="7.398"/>
  <testcase classname="tests.SauceTests" name="loginScenarios" time="7.508"/>
  <testcase classname="tests.SauceTests" name="verifyCartPersistenceAndRemoval" time="8.518"/>
  <testcase classname="tests.SauceTests" name="VerifyCartBadgeUpdateOnAddAndRemove" time="8.793"/>
  <testcase classname="tests.SauceTests" name="verifyProductDetailPage" time="8.501"/>
  <testcase classname="tests.SauceTests" name="verifyImageAndProductConsistency" time="9.493"/>
  <testcase classname="tests.SauceTests" name="verifyProductSorting" time="9.026"/>
</testsuite> <!-- tests.SauceTests -->
