<?xml version="1.0" encoding="UTF-8"?>
<!-- Generated by org.testng.reporters.JUnitReportReporter -->
<testsuite hostname="LTIN674473" failures="0" tests="4" name="tests.SauceDemoTest" time="29.977" errors="0" timestamp="2026-05-11T17:21:01 IST" skipped="0">
  <testcase classname="tests.SauceDemoTest" name="runLoginScenarios" time="7.985"/>
  <system-out/>
  <testcase classname="tests.SauceDemoTest" name="runLoginScenarios" time="7.235"/>
  <system-out/>
  <testcase classname="tests.SauceDemoTest" name="runLoginScenarios" time="7.417"/>
  <system-out/>
  <testcase classname="tests.SauceDemoTest" name="runLoginScenarios" time="7.340"/>
  <system-out/>
</testsuite> <!-- tests.SauceDemoTest -->
