<?xml version="1.0" encoding="UTF-8"?>
<!-- Generated by org.testng.reporters.JUnitReportReporter -->
<testsuite hostname="LTIN674473" failures="1" tests="14" name="tests.SauceTests" time="155.900" errors="0" timestamp="2026-05-17T22:14:48 IST" skipped="3">
  <testcase classname="tests.SauceTests" name="loginScenarios" time="15.456"/>
  <testcase classname="tests.SauceTests" name="loginScenarios" time="11.018"/>
  <testcase classname="tests.SauceTests" name="verifyProductDetailPage" time="10.586"/>
  <testcase classname="tests.SauceTests" name="loginScenarios" time="10.912"/>
  <testcase classname="tests.SauceTests" name="VerifyCartBadgeUpdateOnAddAndRemove" time="11.710">
    <skipped/>
  </testcase> <!-- VerifyCartBadgeUpdateOnAddAndRemove -->
  <testcase classname="tests.SauceTests" name="verifyCrossUserCartIsolation" time="11.821">
    <skipped/>
  </testcase> <!-- verifyCrossUserCartIsolation -->
  <testcase classname="tests.SauceTests" name="verifyProductSorting" time="12.036"/>
  <testcase classname="tests.SauceTests" name="VerifyCartBadgeUpdateOnAddAndRemove" time="12.222">
    <failure message="null" type="java.lang.AssertionError">
      <![CDATA[java.lang.AssertionError: null
at org.testng.Assert.fail(Assert.java:111)
at org.testng.Assert.fail(Assert.java:116)
at tests.SauceTests.VerifyCartBadgeUpdateOnAddAndRemove(SauceTests.java:149)
at java.base/jdk.internal.reflect.DirectMethodHandleAccessor.invoke(DirectMethodHandleAccessor.java:103)
at java.base/java.lang.reflect.Method.invoke(Method.java:580)
at org.testng.internal.invokers.MethodInvocationHelper.invokeMethod(MethodInvocationHelper.java:141)
at org.testng.internal.invokers.TestInvoker.invokeMethod(TestInvoker.java:687)
at org.testng.internal.invokers.TestInvoker.retryFailed(TestInvoker.java:269)
at org.testng.internal.invokers.MethodRunner.runInSequence(MethodRunner.java:76)
at org.testng.internal.invokers.TestInvoker$MethodInvocationAgent.invoke(TestInvoker.java:995)
at org.testng.internal.invokers.TestInvoker.invokeTestMethods(TestInvoker.java:203)
at org.testng.internal.invokers.TestMethodWorker.invokeTestMethods(TestMethodWorker.java:154)
at org.testng.internal.invokers.TestMethodWorker.run(TestMethodWorker.java:134)
at java.base/java.util.concurrent.Executors$RunnableAdapter.call(Executors.java:572)
at java.base/java.util.concurrent.FutureTask.run(FutureTask.java:317)
at org.testng.internal.thread.graph.TestNGFutureTask.run(TestNGFutureTask.java:22)
at java.base/java.util.concurrent.ThreadPoolExecutor.runWorker(ThreadPoolExecutor.java:1144)
at java.base/java.util.concurrent.ThreadPoolExecutor$Worker.run(ThreadPoolExecutor.java:642)
at java.base/java.lang.Thread.run(Thread.java:1583)
]]>
    </failure>
  </testcase> <!-- VerifyCartBadgeUpdateOnAddAndRemove -->
  <testcase classname="tests.SauceTests" name="e2ePurchase" time="12.385"/>
  <testcase classname="tests.SauceTests" name="verifyLogoutAndSessionValidation" time="11.525"/>
  <testcase classname="tests.SauceTests" name="VerifyCartBadgeUpdateOnAddAndRemove" time="11.738">
    <skipped/>
  </testcase> <!-- VerifyCartBadgeUpdateOnAddAndRemove -->
  <testcase classname="tests.SauceTests" name="verifyCartPersistenceAndRemoval" time="12.680"/>
  <testcase classname="tests.SauceTests" name="verifyImageAndProductConsistency" time="11.350"/>
  <testcase classname="tests.SauceTests" name="loginScenarios" time="0.461"/>
</testsuite> <!-- tests.SauceTests -->
