<?xml version="1.0" encoding="UTF-8"?>
<!-- Generated by org.testng.reporters.JUnitReportReporter -->
<testsuite hostname="LTIN674473" failures="0" tests="4" name="tests.SauceDemoTest1" time="31.185" errors="0" timestamp="2026-05-12T17:20:14 IST" skipped="0">
  <testcase classname="tests.SauceDemoTest1" name="runLoginScenarios" time="7.224"/>
  <testcase classname="tests.SauceDemoTest1" name="runLoginScenarios" time="9.693"/>
  <testcase classname="tests.SauceDemoTest1" name="runLoginScenarios" time="7.567"/>
  <testcase classname="tests.SauceDemoTest1" name="runLoginScenarios" time="6.701"/>
</testsuite> <!-- tests.SauceDemoTest1 -->
