<?xml version="1.0" encoding="UTF-8"?>
<!-- Generated by org.testng.reporters.JUnitReportReporter -->
<testsuite hostname="LTIN674473" failures="0" tests="13" name="tests.SauceTests" time="0.569" errors="1" timestamp="2026-05-17T22:02:45 IST" skipped="12">
  <testcase classname="tests.SauceTests" name="verifyLogoutAndSessionValidation" time="0.000">
    <skipped/>
  </testcase> <!-- verifyLogoutAndSessionValidation -->
  <system-out/>
  <testcase classname="tests.SauceTests" name="loginScenarios" time="0.000">
    <skipped/>
  </testcase> <!-- loginScenarios -->
  <system-out/>
  <testcase classname="tests.SauceTests" name="verifyImageAndProductConsistency" time="0.000">
    <skipped/>
  </testcase> <!-- verifyImageAndProductConsistency -->
  <system-out/>
  <testcase classname="tests.SauceTests" name="verifyProductSorting" time="0.000">
    <skipped/>
  </testcase> <!-- verifyProductSorting -->
  <system-out/>
  <testcase classname="tests.SauceTests" name="loginScenarios" time="0.000">
    <skipped/>
  </testcase> <!-- loginScenarios -->
  <system-out/>
  <testcase classname="tests.SauceTests" name="verifyCrossUserCartIsolation" time="0.000">
    <skipped/>
  </testcase> <!-- verifyCrossUserCartIsolation -->
  <system-out/>
  <testcase classname="tests.SauceTests" name="VerifyCartBadgeUpdateOnAddAndRemove" time="0.000">
    <skipped/>
  </testcase> <!-- VerifyCartBadgeUpdateOnAddAndRemove -->
  <system-out/>
  <testcase classname="tests.SauceTests" name="loginScenarios" time="0.000">
    <skipped/>
  </testcase> <!-- loginScenarios -->
  <system-out/>
  <testcase classname="tests.SauceTests" name="verifyCartPersistenceAndRemoval" time="0.000">
    <skipped/>
  </testcase> <!-- verifyCartPersistenceAndRemoval -->
  <system-out/>
  <testcase classname="tests.SauceTests" name="setUp" time="0.569">
    <error message="Cannot invoke &quot;org.openqa.selenium.WebDriver.get(String)&quot; because the return value of &quot;base.DriverFactory.getDriver()&quot; is null" type="java.lang.NullPointerException">
      <![CDATA[java.lang.NullPointerException: Cannot invoke "org.openqa.selenium.WebDriver.get(String)" because the return value of "base.DriverFactory.getDriver()" is null
at base.BaseTest.setUp(BaseTest.java:45)
at java.base/jdk.internal.reflect.DirectMethodHandleAccessor.invoke(DirectMethodHandleAccessor.java:103)
at java.base/java.lang.reflect.Method.invoke(Method.java:580)
at org.testng.internal.MethodInvocationHelper.invokeMethod(MethodInvocationHelper.java:133)
at org.testng.internal.MethodInvocationHelper.invokeMethodConsideringTimeout(MethodInvocationHelper.java:62)
at org.testng.internal.ConfigInvoker.invokeConfigurationMethod(ConfigInvoker.java:385)
at org.testng.internal.ConfigInvoker.invokeConfigurations(ConfigInvoker.java:321)
at org.testng.internal.TestInvoker.runConfigMethods(TestInvoker.java:700)
at org.testng.internal.TestInvoker.invokeMethod(TestInvoker.java:527)
at org.testng.internal.TestInvoker.invokeTestMethod(TestInvoker.java:173)
at org.testng.internal.MethodRunner.runInSequence(MethodRunner.java:46)
at org.testng.internal.TestInvoker$MethodInvocationAgent.invoke(TestInvoker.java:824)
at org.testng.internal.TestInvoker.invokeTestMethods(TestInvoker.java:146)
at org.testng.internal.TestMethodWorker.invokeTestMethods(TestMethodWorker.java:146)
at org.testng.internal.TestMethodWorker.run(TestMethodWorker.java:128)
at java.base/java.util.concurrent.ThreadPoolExecutor.runWorker(ThreadPoolExecutor.java:1144)
at java.base/java.util.concurrent.ThreadPoolExecutor$Worker.run(ThreadPoolExecutor.java:642)
at java.base/java.lang.Thread.run(Thread.java:1583)
]]>
    </error>
  </testcase> <!-- setUp -->
  <system-out/>
  <testcase classname="tests.SauceTests" name="loginScenarios" time="0.000">
    <skipped/>
  </testcase> <!-- loginScenarios -->
  <system-out/>
  <testcase classname="tests.SauceTests" name="e2ePurchase" time="0.000">
    <skipped/>
  </testcase> <!-- e2ePurchase -->
  <system-out/>
  <testcase classname="tests.SauceTests" name="verifyProductDetailPage" time="0.000">
    <skipped/>
  </testcase> <!-- verifyProductDetailPage -->
  <system-out/>
</testsuite> <!-- tests.SauceTests -->
