<?xml version="1.0" encoding="UTF-8"?>
<!-- Generated by org.testng.reporters.JUnitReportReporter -->
<testsuite hostname="LTIN674473" failures="0" tests="12" name="tests.SauceTests" time="153.825" errors="0" timestamp="2026-05-17T18:23:51 IST" skipped="0">
  <testcase classname="tests.SauceTests" name="loginScenarios" time="10.665"/>
  <system-out/>
  <testcase classname="tests.SauceTests" name="verifyCrossUserCartIsolation" time="16.710"/>
  <system-out/>
  <testcase classname="tests.SauceTests" name="loginScenarios" time="13.431"/>
  <system-out/>
  <testcase classname="tests.SauceTests" name="verifyCartPersistenceAndRemoval" time="12.462"/>
  <system-out/>
  <testcase classname="tests.SauceTests" name="verifyLogoutAndSessionValidation" time="12.558"/>
  <system-out/>
  <testcase classname="tests.SauceTests" name="verifyImageAndProductConsistency" time="13.610"/>
  <system-out/>
  <testcase classname="tests.SauceTests" name="e2ePurchase" time="13.689"/>
  <system-out/>
  <testcase classname="tests.SauceTests" name="loginScenarios" time="10.462"/>
  <system-out/>
  <testcase classname="tests.SauceTests" name="verifyProductSorting" time="12.323"/>
  <system-out/>
  <testcase classname="tests.SauceTests" name="VerifyCartBadgeUpdateOnAddAndRemove" time="13.982"/>
  <system-out/>
  <testcase classname="tests.SauceTests" name="loginScenarios" time="10.821"/>
  <system-out/>
  <testcase classname="tests.SauceTests" name="verifyProductDetailPage" time="13.112"/>
  <system-out/>
</testsuite> <!-- tests.SauceTests -->
